[0.269s] Invoking command in '/home/yamashita/Robot_ws/build/coordinate_msg': CMAKE_PREFIX_PATH=${CMAKE_PREFIX_PATH}:/home/yamashita/Robot_ws/install/bezier_root:/home/yamashita/LegControll/install/test_controll:/home/yamashita/LegControll/install/monitor_node:/home/yamashita/LegControll/install/monitor:/home/yamashita/auto_robot_2024/install/controll_robot:/opt/ros/humble /usr/bin/cmake --build /home/yamashita/Robot_ws/build/coordinate_msg -- -j12 -l12
[0.300s] [35m[1mConsolidate compiler generated dependencies of target coordinate_msg__rosidl_generator_c[0m
[0.307s] [  3%] Built target coordinate_msg__cpp
[0.310s] [ 12%] Built target coordinate_msg__rosidl_generator_c
[0.317s] [ 12%] Built target ament_cmake_python_copy_coordinate_msg
[0.317s] [35m[1mConsolidate compiler generated dependencies of target coordinate_msg__rosidl_typesupport_fastrtps_cpp[0m
[0.320s] [35m[1mConsolidate compiler generated dependencies of target coordinate_msg__rosidl_typesupport_cpp[0m
[0.320s] [35m[1mConsolidate compiler generated dependencies of target coordinate_msg__rosidl_typesupport_introspection_cpp[0m
[0.328s] [35m[1mConsolidate compiler generated dependencies of target coordinate_msg__rosidl_typesupport_fastrtps_c[0m
[0.328s] [ 22%] Built target coordinate_msg__rosidl_typesupport_cpp
[0.329s] [ 32%] Built target coordinate_msg__rosidl_typesupport_fastrtps_cpp
[0.330s] [35m[1mConsolidate compiler generated dependencies of target coordinate_msg__rosidl_typesupport_introspection_c[0m
[0.330s] [35m[1mConsolidate compiler generated dependencies of target coordinate_msg__rosidl_typesupport_c[0m
[0.335s] [ 41%] Built target coordinate_msg__rosidl_typesupport_introspection_cpp
[0.340s] [ 51%] Built target coordinate_msg__rosidl_typesupport_fastrtps_c
[0.340s] [ 61%] Built target coordinate_msg__rosidl_typesupport_c
[0.341s] [ 70%] Built target coordinate_msg__rosidl_typesupport_introspection_c
[0.357s] [ 70%] Built target coordinate_msg
[0.375s] [ 74%] Built target coordinate_msg__py
[0.384s] [35m[1mConsolidate compiler generated dependencies of target coordinate_msg__rosidl_generator_py[0m
[0.395s] [ 80%] Built target coordinate_msg__rosidl_generator_py
[0.406s] [35m[1mConsolidate compiler generated dependencies of target coordinate_msg__rosidl_typesupport_fastrtps_c__pyext[0m
[0.406s] [35m[1mConsolidate compiler generated dependencies of target coordinate_msg__rosidl_typesupport_c__pyext[0m
[0.406s] [35m[1mConsolidate compiler generated dependencies of target coordinate_msg__rosidl_typesupport_introspection_c__pyext[0m
[0.418s] [100%] Built target coordinate_msg__rosidl_typesupport_introspection_c__pyext
[0.418s] [100%] Built target coordinate_msg__rosidl_typesupport_c__pyext
[0.418s] [100%] Built target coordinate_msg__rosidl_typesupport_fastrtps_c__pyext
[0.497s] running egg_info
[0.498s] writing coordinate_msg.egg-info/PKG-INFO
[0.498s] writing dependency_links to coordinate_msg.egg-info/dependency_links.txt
[0.499s] writing top-level names to coordinate_msg.egg-info/top_level.txt
[0.501s] reading manifest file 'coordinate_msg.egg-info/SOURCES.txt'
[0.501s] writing manifest file 'coordinate_msg.egg-info/SOURCES.txt'
[0.520s] [100%] Built target ament_cmake_python_build_coordinate_msg_egg
[0.531s] Invoked command in '/home/yamashita/Robot_ws/build/coordinate_msg' returned '0': CMAKE_PREFIX_PATH=${CMAKE_PREFIX_PATH}:/home/yamashita/Robot_ws/install/bezier_root:/home/yamashita/LegControll/install/test_controll:/home/yamashita/LegControll/install/monitor_node:/home/yamashita/LegControll/install/monitor:/home/yamashita/auto_robot_2024/install/controll_robot:/opt/ros/humble /usr/bin/cmake --build /home/yamashita/Robot_ws/build/coordinate_msg -- -j12 -l12
[0.581s] Invoking command in '/home/yamashita/Robot_ws/build/coordinate_msg': CMAKE_PREFIX_PATH=${CMAKE_PREFIX_PATH}:/home/yamashita/Robot_ws/install/bezier_root:/home/yamashita/LegControll/install/test_controll:/home/yamashita/LegControll/install/monitor_node:/home/yamashita/LegControll/install/monitor:/home/yamashita/auto_robot_2024/install/controll_robot:/opt/ros/humble /usr/bin/cmake --install /home/yamashita/Robot_ws/build/coordinate_msg
[0.586s] -- Install configuration: ""
[0.586s] -- Up-to-date: /home/yamashita/Robot_ws/install/coordinate_msg/share/ament_index/resource_index/rosidl_interfaces/coordinate_msg
[0.586s] -- Up-to-date: /home/yamashita/Robot_ws/install/coordinate_msg/include/coordinate_msg/coordinate_msg
[0.586s] -- Up-to-date: /home/yamashita/Robot_ws/install/coordinate_msg/include/coordinate_msg/coordinate_msg/msg
[0.586s] -- Up-to-date: /home/yamashita/Robot_ws/install/coordinate_msg/include/coordinate_msg/coordinate_msg/msg/rosidl_generator_c__visibility_control.h
[0.586s] -- Up-to-date: /home/yamashita/Robot_ws/install/coordinate_msg/include/coordinate_msg/coordinate_msg/msg/detail
[0.587s] -- Up-to-date: /home/yamashita/Robot_ws/install/coordinate_msg/include/coordinate_msg/coordinate_msg/msg/detail/coordinate__struct.h
[0.587s] -- Up-to-date: /home/yamashita/Robot_ws/install/coordinate_msg/include/coordinate_msg/coordinate_msg/msg/detail/coordinate__type_support.h
[0.587s] -- Up-to-date: /home/yamashita/Robot_ws/install/coordinate_msg/include/coordinate_msg/coordinate_msg/msg/detail/coordinate__functions.h
[0.587s] -- Up-to-date: /home/yamashita/Robot_ws/install/coordinate_msg/include/coordinate_msg/coordinate_msg/msg/detail/coordinate__functions.c
[0.587s] -- Up-to-date: /home/yamashita/Robot_ws/install/coordinate_msg/include/coordinate_msg/coordinate_msg/msg/coordinate.h
[0.587s] -- Up-to-date: /home/yamashita/Robot_ws/install/coordinate_msg/share/coordinate_msg/environment/library_path.sh
[0.587s] -- Up-to-date: /home/yamashita/Robot_ws/install/coordinate_msg/share/coordinate_msg/environment/library_path.dsv
[0.587s] -- Up-to-date: /home/yamashita/Robot_ws/install/coordinate_msg/lib/libcoordinate_msg__rosidl_generator_c.so
[0.587s] -- Up-to-date: /home/yamashita/Robot_ws/install/coordinate_msg/include/coordinate_msg/coordinate_msg
[0.587s] -- Up-to-date: /home/yamashita/Robot_ws/install/coordinate_msg/include/coordinate_msg/coordinate_msg/msg
[0.588s] -- Up-to-date: /home/yamashita/Robot_ws/install/coordinate_msg/include/coordinate_msg/coordinate_msg/msg/rosidl_typesupport_fastrtps_c__visibility_control.h
[0.588s] -- Up-to-date: /home/yamashita/Robot_ws/install/coordinate_msg/include/coordinate_msg/coordinate_msg/msg/detail
[0.588s] -- Up-to-date: /home/yamashita/Robot_ws/install/coordinate_msg/include/coordinate_msg/coordinate_msg/msg/detail/coordinate__rosidl_typesupport_fastrtps_c.h
[0.588s] -- Up-to-date: /home/yamashita/Robot_ws/install/coordinate_msg/lib/libcoordinate_msg__rosidl_typesupport_fastrtps_c.so
[0.588s] -- Up-to-date: /home/yamashita/Robot_ws/install/coordinate_msg/include/coordinate_msg/coordinate_msg
[0.588s] -- Up-to-date: /home/yamashita/Robot_ws/install/coordinate_msg/include/coordinate_msg/coordinate_msg/msg
[0.588s] -- Up-to-date: /home/yamashita/Robot_ws/install/coordinate_msg/include/coordinate_msg/coordinate_msg/msg/rosidl_typesupport_introspection_c__visibility_control.h
[0.588s] -- Up-to-date: /home/yamashita/Robot_ws/install/coordinate_msg/include/coordinate_msg/coordinate_msg/msg/detail
[0.588s] -- Up-to-date: /home/yamashita/Robot_ws/install/coordinate_msg/include/coordinate_msg/coordinate_msg/msg/detail/coordinate__type_support.c
[0.588s] -- Up-to-date: /home/yamashita/Robot_ws/install/coordinate_msg/include/coordinate_msg/coordinate_msg/msg/detail/coordinate__rosidl_typesupport_introspection_c.h
[0.588s] -- Up-to-date: /home/yamashita/Robot_ws/install/coordinate_msg/lib/libcoordinate_msg__rosidl_typesupport_introspection_c.so
[0.588s] -- Up-to-date: /home/yamashita/Robot_ws/install/coordinate_msg/lib/libcoordinate_msg__rosidl_typesupport_c.so
[0.588s] -- Up-to-date: /home/yamashita/Robot_ws/install/coordinate_msg/include/coordinate_msg/coordinate_msg
[0.588s] -- Up-to-date: /home/yamashita/Robot_ws/install/coordinate_msg/include/coordinate_msg/coordinate_msg/msg
[0.588s] -- Up-to-date: /home/yamashita/Robot_ws/install/coordinate_msg/include/coordinate_msg/coordinate_msg/msg/detail
[0.588s] -- Up-to-date: /home/yamashita/Robot_ws/install/coordinate_msg/include/coordinate_msg/coordinate_msg/msg/detail/coordinate__struct.hpp
[0.588s] -- Up-to-date: /home/yamashita/Robot_ws/install/coordinate_msg/include/coordinate_msg/coordinate_msg/msg/detail/coordinate__builder.hpp
[0.588s] -- Up-to-date: /home/yamashita/Robot_ws/install/coordinate_msg/include/coordinate_msg/coordinate_msg/msg/detail/coordinate__traits.hpp
[0.588s] -- Up-to-date: /home/yamashita/Robot_ws/install/coordinate_msg/include/coordinate_msg/coordinate_msg/msg/coordinate.hpp
[0.588s] -- Up-to-date: /home/yamashita/Robot_ws/install/coordinate_msg/include/coordinate_msg/coordinate_msg
[0.588s] -- Up-to-date: /home/yamashita/Robot_ws/install/coordinate_msg/include/coordinate_msg/coordinate_msg/msg
[0.588s] -- Up-to-date: /home/yamashita/Robot_ws/install/coordinate_msg/include/coordinate_msg/coordinate_msg/msg/rosidl_typesupport_fastrtps_cpp__visibility_control.h
[0.588s] -- Up-to-date: /home/yamashita/Robot_ws/install/coordinate_msg/include/coordinate_msg/coordinate_msg/msg/detail
[0.588s] -- Up-to-date: /home/yamashita/Robot_ws/install/coordinate_msg/include/coordinate_msg/coordinate_msg/msg/detail/coordinate__rosidl_typesupport_fastrtps_cpp.hpp
[0.588s] -- Up-to-date: /home/yamashita/Robot_ws/install/coordinate_msg/include/coordinate_msg/coordinate_msg/msg/detail/dds_fastrtps
[0.589s] -- Up-to-date: /home/yamashita/Robot_ws/install/coordinate_msg/lib/libcoordinate_msg__rosidl_typesupport_fastrtps_cpp.so
[0.589s] -- Up-to-date: /home/yamashita/Robot_ws/install/coordinate_msg/include/coordinate_msg/coordinate_msg
[0.589s] -- Up-to-date: /home/yamashita/Robot_ws/install/coordinate_msg/include/coordinate_msg/coordinate_msg/msg
[0.589s] -- Up-to-date: /home/yamashita/Robot_ws/install/coordinate_msg/include/coordinate_msg/coordinate_msg/msg/detail
[0.589s] -- Up-to-date: /home/yamashita/Robot_ws/install/coordinate_msg/include/coordinate_msg/coordinate_msg/msg/detail/coordinate__type_support.cpp
[0.589s] -- Up-to-date: /home/yamashita/Robot_ws/install/coordinate_msg/include/coordinate_msg/coordinate_msg/msg/detail/coordinate__rosidl_typesupport_introspection_cpp.hpp
[0.589s] -- Up-to-date: /home/yamashita/Robot_ws/install/coordinate_msg/lib/libcoordinate_msg__rosidl_typesupport_introspection_cpp.so
[0.589s] -- Up-to-date: /home/yamashita/Robot_ws/install/coordinate_msg/lib/libcoordinate_msg__rosidl_typesupport_cpp.so
[0.589s] -- Up-to-date: /home/yamashita/Robot_ws/install/coordinate_msg/share/coordinate_msg/environment/pythonpath.sh
[0.589s] -- Up-to-date: /home/yamashita/Robot_ws/install/coordinate_msg/share/coordinate_msg/environment/pythonpath.dsv
[0.589s] -- Up-to-date: /home/yamashita/Robot_ws/install/coordinate_msg/local/lib/python3.10/dist-packages/coordinate_msg-0.0.0-py3.10.egg-info
[0.589s] -- Installing: /home/yamashita/Robot_ws/install/coordinate_msg/local/lib/python3.10/dist-packages/coordinate_msg-0.0.0-py3.10.egg-info/PKG-INFO
[0.589s] -- Installing: /home/yamashita/Robot_ws/install/coordinate_msg/local/lib/python3.10/dist-packages/coordinate_msg-0.0.0-py3.10.egg-info/top_level.txt
[0.589s] -- Installing: /home/yamashita/Robot_ws/install/coordinate_msg/local/lib/python3.10/dist-packages/coordinate_msg-0.0.0-py3.10.egg-info/SOURCES.txt
[0.589s] -- Installing: /home/yamashita/Robot_ws/install/coordinate_msg/local/lib/python3.10/dist-packages/coordinate_msg-0.0.0-py3.10.egg-info/dependency_links.txt
[0.589s] -- Up-to-date: /home/yamashita/Robot_ws/install/coordinate_msg/local/lib/python3.10/dist-packages/coordinate_msg
[0.589s] -- Up-to-date: /home/yamashita/Robot_ws/install/coordinate_msg/local/lib/python3.10/dist-packages/coordinate_msg/_coordinate_msg_s.ep.rosidl_typesupport_c.c
[0.589s] -- Up-to-date: /home/yamashita/Robot_ws/install/coordinate_msg/local/lib/python3.10/dist-packages/coordinate_msg/coordinate_msg_s__rosidl_typesupport_c.cpython-310-x86_64-linux-gnu.so
[0.589s] -- Up-to-date: /home/yamashita/Robot_ws/install/coordinate_msg/local/lib/python3.10/dist-packages/coordinate_msg/coordinate_msg_s__rosidl_typesupport_fastrtps_c.cpython-310-x86_64-linux-gnu.so
[0.589s] -- Up-to-date: /home/yamashita/Robot_ws/install/coordinate_msg/local/lib/python3.10/dist-packages/coordinate_msg/libcoordinate_msg__rosidl_generator_py.so
[0.590s] -- Up-to-date: /home/yamashita/Robot_ws/install/coordinate_msg/local/lib/python3.10/dist-packages/coordinate_msg/_coordinate_msg_s.ep.rosidl_typesupport_fastrtps_c.c
[0.590s] -- Up-to-date: /home/yamashita/Robot_ws/install/coordinate_msg/local/lib/python3.10/dist-packages/coordinate_msg/__init__.py
[0.590s] -- Up-to-date: /home/yamashita/Robot_ws/install/coordinate_msg/local/lib/python3.10/dist-packages/coordinate_msg/msg
[0.590s] -- Up-to-date: /home/yamashita/Robot_ws/install/coordinate_msg/local/lib/python3.10/dist-packages/coordinate_msg/msg/_coordinate.py
[0.590s] -- Up-to-date: /home/yamashita/Robot_ws/install/coordinate_msg/local/lib/python3.10/dist-packages/coordinate_msg/msg/_coordinate_s.c
[0.590s] -- Up-to-date: /home/yamashita/Robot_ws/install/coordinate_msg/local/lib/python3.10/dist-packages/coordinate_msg/msg/__init__.py
[0.590s] -- Up-to-date: /home/yamashita/Robot_ws/install/coordinate_msg/local/lib/python3.10/dist-packages/coordinate_msg/coordinate_msg_s__rosidl_typesupport_introspection_c.cpython-310-x86_64-linux-gnu.so
[0.590s] -- Up-to-date: /home/yamashita/Robot_ws/install/coordinate_msg/local/lib/python3.10/dist-packages/coordinate_msg/_coordinate_msg_s.ep.rosidl_typesupport_introspection_c.c
[0.612s] Listing '/home/yamashita/Robot_ws/install/coordinate_msg/local/lib/python3.10/dist-packages/coordinate_msg'...
[0.613s] Listing '/home/yamashita/Robot_ws/install/coordinate_msg/local/lib/python3.10/dist-packages/coordinate_msg/msg'...
[0.616s] -- Up-to-date: /home/yamashita/Robot_ws/install/coordinate_msg/local/lib/python3.10/dist-packages/coordinate_msg/coordinate_msg_s__rosidl_typesupport_fastrtps_c.cpython-310-x86_64-linux-gnu.so
[0.616s] -- Up-to-date: /home/yamashita/Robot_ws/install/coordinate_msg/local/lib/python3.10/dist-packages/coordinate_msg/coordinate_msg_s__rosidl_typesupport_introspection_c.cpython-310-x86_64-linux-gnu.so
[0.616s] -- Up-to-date: /home/yamashita/Robot_ws/install/coordinate_msg/local/lib/python3.10/dist-packages/coordinate_msg/coordinate_msg_s__rosidl_typesupport_c.cpython-310-x86_64-linux-gnu.so
[0.616s] -- Up-to-date: /home/yamashita/Robot_ws/install/coordinate_msg/lib/libcoordinate_msg__rosidl_generator_py.so
[0.617s] -- Up-to-date: /home/yamashita/Robot_ws/install/coordinate_msg/share/coordinate_msg/msg/Coordinate.idl
[0.617s] -- Up-to-date: /home/yamashita/Robot_ws/install/coordinate_msg/share/coordinate_msg/msg/Coordinate.msg
[0.617s] -- Up-to-date: /home/yamashita/Robot_ws/install/coordinate_msg/share/ament_index/resource_index/package_run_dependencies/coordinate_msg
[0.617s] -- Up-to-date: /home/yamashita/Robot_ws/install/coordinate_msg/share/ament_index/resource_index/parent_prefix_path/coordinate_msg
[0.617s] -- Up-to-date: /home/yamashita/Robot_ws/install/coordinate_msg/share/coordinate_msg/environment/ament_prefix_path.sh
[0.617s] -- Up-to-date: /home/yamashita/Robot_ws/install/coordinate_msg/share/coordinate_msg/environment/ament_prefix_path.dsv
[0.617s] -- Up-to-date: /home/yamashita/Robot_ws/install/coordinate_msg/share/coordinate_msg/environment/path.sh
[0.617s] -- Up-to-date: /home/yamashita/Robot_ws/install/coordinate_msg/share/coordinate_msg/environment/path.dsv
[0.617s] -- Up-to-date: /home/yamashita/Robot_ws/install/coordinate_msg/share/coordinate_msg/local_setup.bash
[0.617s] -- Up-to-date: /home/yamashita/Robot_ws/install/coordinate_msg/share/coordinate_msg/local_setup.sh
[0.617s] -- Up-to-date: /home/yamashita/Robot_ws/install/coordinate_msg/share/coordinate_msg/local_setup.zsh
[0.617s] -- Up-to-date: /home/yamashita/Robot_ws/install/coordinate_msg/share/coordinate_msg/local_setup.dsv
[0.617s] -- Installing: /home/yamashita/Robot_ws/install/coordinate_msg/share/coordinate_msg/package.dsv
[0.617s] -- Up-to-date: /home/yamashita/Robot_ws/install/coordinate_msg/share/ament_index/resource_index/packages/coordinate_msg
[0.617s] -- Up-to-date: /home/yamashita/Robot_ws/install/coordinate_msg/share/coordinate_msg/cmake/export_coordinate_msg__rosidl_generator_cExport.cmake
[0.617s] -- Up-to-date: /home/yamashita/Robot_ws/install/coordinate_msg/share/coordinate_msg/cmake/export_coordinate_msg__rosidl_generator_cExport-noconfig.cmake
[0.617s] -- Up-to-date: /home/yamashita/Robot_ws/install/coordinate_msg/share/coordinate_msg/cmake/export_coordinate_msg__rosidl_typesupport_fastrtps_cExport.cmake
[0.617s] -- Up-to-date: /home/yamashita/Robot_ws/install/coordinate_msg/share/coordinate_msg/cmake/export_coordinate_msg__rosidl_typesupport_fastrtps_cExport-noconfig.cmake
[0.617s] -- Up-to-date: /home/yamashita/Robot_ws/install/coordinate_msg/share/coordinate_msg/cmake/coordinate_msg__rosidl_typesupport_introspection_cExport.cmake
[0.617s] -- Up-to-date: /home/yamashita/Robot_ws/install/coordinate_msg/share/coordinate_msg/cmake/coordinate_msg__rosidl_typesupport_introspection_cExport-noconfig.cmake
[0.618s] -- Up-to-date: /home/yamashita/Robot_ws/install/coordinate_msg/share/coordinate_msg/cmake/coordinate_msg__rosidl_typesupport_cExport.cmake
[0.618s] -- Up-to-date: /home/yamashita/Robot_ws/install/coordinate_msg/share/coordinate_msg/cmake/coordinate_msg__rosidl_typesupport_cExport-noconfig.cmake
[0.618s] -- Up-to-date: /home/yamashita/Robot_ws/install/coordinate_msg/share/coordinate_msg/cmake/export_coordinate_msg__rosidl_generator_cppExport.cmake
[0.618s] -- Up-to-date: /home/yamashita/Robot_ws/install/coordinate_msg/share/coordinate_msg/cmake/export_coordinate_msg__rosidl_typesupport_fastrtps_cppExport.cmake
[0.618s] -- Up-to-date: /home/yamashita/Robot_ws/install/coordinate_msg/share/coordinate_msg/cmake/export_coordinate_msg__rosidl_typesupport_fastrtps_cppExport-noconfig.cmake
[0.618s] -- Up-to-date: /home/yamashita/Robot_ws/install/coordinate_msg/share/coordinate_msg/cmake/coordinate_msg__rosidl_typesupport_introspection_cppExport.cmake
[0.618s] -- Up-to-date: /home/yamashita/Robot_ws/install/coordinate_msg/share/coordinate_msg/cmake/coordinate_msg__rosidl_typesupport_introspection_cppExport-noconfig.cmake
[0.618s] -- Up-to-date: /home/yamashita/Robot_ws/install/coordinate_msg/share/coordinate_msg/cmake/coordinate_msg__rosidl_typesupport_cppExport.cmake
[0.618s] -- Up-to-date: /home/yamashita/Robot_ws/install/coordinate_msg/share/coordinate_msg/cmake/coordinate_msg__rosidl_typesupport_cppExport-noconfig.cmake
[0.618s] -- Up-to-date: /home/yamashita/Robot_ws/install/coordinate_msg/share/coordinate_msg/cmake/export_coordinate_msg__rosidl_generator_pyExport.cmake
[0.618s] -- Up-to-date: /home/yamashita/Robot_ws/install/coordinate_msg/share/coordinate_msg/cmake/export_coordinate_msg__rosidl_generator_pyExport-noconfig.cmake
[0.618s] -- Up-to-date: /home/yamashita/Robot_ws/install/coordinate_msg/share/coordinate_msg/cmake/rosidl_cmake-extras.cmake
[0.618s] -- Up-to-date: /home/yamashita/Robot_ws/install/coordinate_msg/share/coordinate_msg/cmake/ament_cmake_export_include_directories-extras.cmake
[0.618s] -- Up-to-date: /home/yamashita/Robot_ws/install/coordinate_msg/share/coordinate_msg/cmake/ament_cmake_export_libraries-extras.cmake
[0.618s] -- Up-to-date: /home/yamashita/Robot_ws/install/coordinate_msg/share/coordinate_msg/cmake/ament_cmake_export_targets-extras.cmake
[0.618s] -- Up-to-date: /home/yamashita/Robot_ws/install/coordinate_msg/share/coordinate_msg/cmake/rosidl_cmake_export_typesupport_targets-extras.cmake
[0.618s] -- Up-to-date: /home/yamashita/Robot_ws/install/coordinate_msg/share/coordinate_msg/cmake/ament_cmake_export_dependencies-extras.cmake
[0.618s] -- Up-to-date: /home/yamashita/Robot_ws/install/coordinate_msg/share/coordinate_msg/cmake/rosidl_cmake_export_typesupport_libraries-extras.cmake
[0.618s] -- Up-to-date: /home/yamashita/Robot_ws/install/coordinate_msg/share/coordinate_msg/cmake/coordinate_msgConfig.cmake
[0.618s] -- Up-to-date: /home/yamashita/Robot_ws/install/coordinate_msg/share/coordinate_msg/cmake/coordinate_msgConfig-version.cmake
[0.618s] -- Up-to-date: /home/yamashita/Robot_ws/install/coordinate_msg/share/coordinate_msg/package.xml
[0.621s] Invoked command in '/home/yamashita/Robot_ws/build/coordinate_msg' returned '0': CMAKE_PREFIX_PATH=${CMAKE_PREFIX_PATH}:/home/yamashita/Robot_ws/install/bezier_root:/home/yamashita/LegControll/install/test_controll:/home/yamashita/LegControll/install/monitor_node:/home/yamashita/LegControll/install/monitor:/home/yamashita/auto_robot_2024/install/controll_robot:/opt/ros/humble /usr/bin/cmake --install /home/yamashita/Robot_ws/build/coordinate_msg
