[0.660s] Invoking command in '/home/yamashita/Robot_ws/src/bezier_root': PYTHONPATH=/home/yamashita/Robot_ws/build/bezier_root/prefix_override:/home/yamashita/Robot_ws/install/bezier_root/lib/python3.10/site-packages:${PYTHONPATH} /usr/bin/python3 setup.py egg_info --egg-base ../../build/bezier_root build --build-base /home/yamashita/Robot_ws/build/bezier_root/build install --record /home/yamashita/Robot_ws/build/bezier_root/install.log --single-version-externally-managed
[0.826s] running egg_info
[0.828s] writing ../../build/bezier_root/bezier_root.egg-info/PKG-INFO
[0.828s] writing dependency_links to ../../build/bezier_root/bezier_root.egg-info/dependency_links.txt
[0.828s] writing entry points to ../../build/bezier_root/bezier_root.egg-info/entry_points.txt
[0.829s] writing requirements to ../../build/bezier_root/bezier_root.egg-info/requires.txt
[0.829s] writing top-level names to ../../build/bezier_root/bezier_root.egg-info/top_level.txt
[0.829s] reading manifest file '../../build/bezier_root/bezier_root.egg-info/SOURCES.txt'
[0.829s] writing manifest file '../../build/bezier_root/bezier_root.egg-info/SOURCES.txt'
[0.830s] running build
[0.830s] running build_py
[0.831s] copying bezier_root/bezier.py -> /home/yamashita/Robot_ws/build/bezier_root/build/lib/bezier_root
[0.831s] running install
[0.831s] running install_lib
[0.831s] copying /home/yamashita/Robot_ws/build/bezier_root/build/lib/bezier_root/bezier.py -> /home/yamashita/Robot_ws/install/bezier_root/lib/python3.10/site-packages/bezier_root
[0.831s] byte-compiling /home/yamashita/Robot_ws/install/bezier_root/lib/python3.10/site-packages/bezier_root/bezier.py to bezier.cpython-310.pyc
[0.832s] running install_data
[0.832s] running install_egg_info
[0.832s] removing '/home/yamashita/Robot_ws/install/bezier_root/lib/python3.10/site-packages/bezier_root-0.0.0-py3.10.egg-info' (and everything under it)
[0.832s] Copying ../../build/bezier_root/bezier_root.egg-info to /home/yamashita/Robot_ws/install/bezier_root/lib/python3.10/site-packages/bezier_root-0.0.0-py3.10.egg-info
[0.832s] running install_scripts
[0.847s] Installing besierRoot script to /home/yamashita/Robot_ws/install/bezier_root/lib/bezier_root
[0.847s] writing list of installed files to '/home/yamashita/Robot_ws/build/bezier_root/install.log'
[0.876s] Invoked command in '/home/yamashita/Robot_ws/src/bezier_root' returned '0': PYTHONPATH=/home/yamashita/Robot_ws/build/bezier_root/prefix_override:/home/yamashita/Robot_ws/install/bezier_root/lib/python3.10/site-packages:${PYTHONPATH} /usr/bin/python3 setup.py egg_info --egg-base ../../build/bezier_root build --build-base /home/yamashita/Robot_ws/build/bezier_root/build install --record /home/yamashita/Robot_ws/build/bezier_root/install.log --single-version-externally-managed
