[0.668s] Invoking command in '/home/yamashita/Robot_ws/src/bezier_root': PYTHONPATH=/home/yamashita/Robot_ws/build/bezier_root/prefix_override:/home/yamashita/Robot_ws/install/bezier_root/lib/python3.10/site-packages:${PYTHONPATH} /usr/bin/python3 setup.py egg_info --egg-base ../../build/bezier_root build --build-base /home/yamashita/Robot_ws/build/bezier_root/build install --record /home/yamashita/Robot_ws/build/bezier_root/install.log --single-version-externally-managed
[0.852s] running egg_info
[0.855s] writing ../../build/bezier_root/bezier_root.egg-info/PKG-INFO
[0.855s] writing dependency_links to ../../build/bezier_root/bezier_root.egg-info/dependency_links.txt
[0.855s] writing entry points to ../../build/bezier_root/bezier_root.egg-info/entry_points.txt
[0.855s] writing requirements to ../../build/bezier_root/bezier_root.egg-info/requires.txt
[0.855s] writing top-level names to ../../build/bezier_root/bezier_root.egg-info/top_level.txt
[0.855s] reading manifest file '../../build/bezier_root/bezier_root.egg-info/SOURCES.txt'
[0.855s] writing manifest file '../../build/bezier_root/bezier_root.egg-info/SOURCES.txt'
[0.856s] running build
[0.857s] running build_py
[0.857s] copying bezier_root/bezier.py -> /home/yamashita/Robot_ws/build/bezier_root/build/lib/bezier_root
[0.858s] running install
[0.858s] running install_lib
[0.858s] copying /home/yamashita/Robot_ws/build/bezier_root/build/lib/bezier_root/bezier.py -> /home/yamashita/Robot_ws/install/bezier_root/lib/python3.10/site-packages/bezier_root
[0.858s] byte-compiling /home/yamashita/Robot_ws/install/bezier_root/lib/python3.10/site-packages/bezier_root/bezier.py to bezier.cpython-310.pyc
[0.859s] running install_data
[0.861s] running install_egg_info
[0.862s] removing '/home/yamashita/Robot_ws/install/bezier_root/lib/python3.10/site-packages/bezier_root-0.0.0-py3.10.egg-info' (and everything under it)
[0.866s] Copying ../../build/bezier_root/bezier_root.egg-info to /home/yamashita/Robot_ws/install/bezier_root/lib/python3.10/site-packages/bezier_root-0.0.0-py3.10.egg-info
[0.866s] running install_scripts
[0.877s] Installing besierRoot script to /home/yamashita/Robot_ws/install/bezier_root/lib/bezier_root
[0.877s] writing list of installed files to '/home/yamashita/Robot_ws/build/bezier_root/install.log'
[0.897s] Invoked command in '/home/yamashita/Robot_ws/src/bezier_root' returned '0': PYTHONPATH=/home/yamashita/Robot_ws/build/bezier_root/prefix_override:/home/yamashita/Robot_ws/install/bezier_root/lib/python3.10/site-packages:${PYTHONPATH} /usr/bin/python3 setup.py egg_info --egg-base ../../build/bezier_root build --build-base /home/yamashita/Robot_ws/build/bezier_root/build install --record /home/yamashita/Robot_ws/build/bezier_root/install.log --single-version-externally-managed
