[0.092s] Invoking command in '/home/yamashita/Robot_ws/build/CoordinateMsg': CMAKE_PREFIX_PATH=${CMAKE_PREFIX_PATH}:/home/yamashita/LegControll/install/test_controll:/home/yamashita/LegControll/install/monitor_node:/home/yamashita/LegControll/install/monitor:/home/yamashita/auto_robot_2024/install/controll_robot:/opt/ros/humble /usr/bin/cmake /home/yamashita/Robot_ws/src/CoordinateMsg -DCMAKE_INSTALL_PREFIX=/home/yamashita/Robot_ws/install/CoordinateMsg
[0.099s] -- Found ament_cmake: 1.3.8 (/opt/ros/humble/share/ament_cmake/cmake)
[0.192s] -- Found rosidl_default_generators: 1.2.0 (/opt/ros/humble/share/rosidl_default_generators/cmake)
[0.194s] -- Using all available rosidl_typesupport_c: rosidl_typesupport_fastrtps_c;rosidl_typesupport_introspection_c
[0.195s] -- Found rosidl_adapter: 3.1.5 (/opt/ros/humble/share/rosidl_adapter/cmake)
[0.359s] -- Using all available rosidl_typesupport_cpp: rosidl_typesupport_fastrtps_cpp;rosidl_typesupport_introspection_cpp
[0.495s] [31mCMake Error at /opt/ros/humble/share/rosidl_adapter/cmake/rosidl_adapt_interfaces.cmake:59 (message):
[0.495s]   execute_process(/usr/bin/python3 -m rosidl_adapter --package-name
[0.495s]   CoordinateMsg --arguments-file
[0.495s]   /home/yamashita/Robot_ws/build/CoordinateMsg/rosidl_adapter__arguments__CoordinateMsg.json
[0.495s]   --output-dir
[0.495s]   /home/yamashita/Robot_ws/build/CoordinateMsg/rosidl_adapter/CoordinateMsg
[0.495s]   --output-file
[0.495s]   /home/yamashita/Robot_ws/build/CoordinateMsg/rosidl_adapter/CoordinateMsg.idls)
[0.495s]   returned error code 1:
[0.495s] 
[0.495s]   Error processing 'float64* data' of 'CoordinateMsg/Coordinate':
[0.495s]   ''CoordinateMsg' is an invalid package name.  It should have the pattern
[0.495s]   '^(?!.*__)(?!.*_$)[a-z][a-z0-9_]*$''
[0.495s] 
[0.495s]   Traceback (most recent call last):
[0.495s] 
[0.495s]     File "/usr/lib/python3.10/runpy.py", line 196, in _run_module_as_main
[0.495s]       return _run_code(code, main_globals, None,
[0.495s]     File "/usr/lib/python3.10/runpy.py", line 86, in _run_code
[0.495s]       exec(code, run_globals)
[0.495s]     File "/opt/ros/humble/local/lib/python3.10/dist-packages/rosidl_adapter/__main__.py", line 19, in <module>
[0.495s]       sys.exit(main())
[0.496s]     File "/opt/ros/humble/local/lib/python3.10/dist-packages/rosidl_adapter/main.py", line 53, in main
[0.496s]       abs_idl_file = convert_to_idl(
[0.496s]     File "/opt/ros/humble/local/lib/python3.10/dist-packages/rosidl_adapter/__init__.py", line 19, in convert_to_idl
[0.496s]       return convert_msg_to_idl(
[0.496s] -- Configuring incomplete, errors occurred!
[0.496s] See also "/home/yamashita/Robot_ws/build/CoordinateMsg/CMakeFiles/CMakeOutput.log".
[0.496s]     File "/opt/ros/humble/local/lib/python3.10/dist-packages/rosidl_adapter/msg/__init__.py", line 28, in convert_msg_to_idl
[0.496s]       msg = parse_message_string(package_name, input_file.stem, content)
[0.496s]     File "/opt/ros/humble/local/lib/python3.10/dist-packages/rosidl_adapter/parser.py", line 520, in parse_message_string
[0.496s]       Type(type_string, context_package_name=pkg_name),
[0.496s]     File "/opt/ros/humble/local/lib/python3.10/dist-packages/rosidl_adapter/parser.py", line 277, in __init__
[0.496s]       super(Type, self).__init__(
[0.496s]     File "/opt/ros/humble/local/lib/python3.10/dist-packages/rosidl_adapter/parser.py", line 201, in __init__
[0.496s]       raise InvalidResourceName(
[0.496s] 
[0.496s]   rosidl_adapter.parser.InvalidResourceName: 'CoordinateMsg' is an invalid
[0.496s]   package name.  It should have the pattern
[0.496s]   '^(?!.*__)(?!.*_$)[a-z][a-z0-9_]*$'
[0.496s] 
[0.496s] Call Stack (most recent call first):
[0.496s]   /opt/ros/humble/share/rosidl_cmake/cmake/rosidl_generate_interfaces.cmake:130 (rosidl_adapt_interfaces)
[0.496s]   CMakeLists.txt:14 (rosidl_generate_interfaces)
[0.496s] 
[0.496s] [0m
[0.499s] Invoked command in '/home/yamashita/Robot_ws/build/CoordinateMsg' returned '1': CMAKE_PREFIX_PATH=${CMAKE_PREFIX_PATH}:/home/yamashita/LegControll/install/test_controll:/home/yamashita/LegControll/install/monitor_node:/home/yamashita/LegControll/install/monitor:/home/yamashita/auto_robot_2024/install/controll_robot:/opt/ros/humble /usr/bin/cmake /home/yamashita/Robot_ws/src/CoordinateMsg -DCMAKE_INSTALL_PREFIX=/home/yamashita/Robot_ws/install/CoordinateMsg
