[0.262s] Invoking command in '/home/yamashita/Robot_ws/build/coordinate_msg': CMAKE_PREFIX_PATH=${CMAKE_PREFIX_PATH}:/home/yamashita/Robot_ws/install/bezier_root:/home/yamashita/LegControll/install/test_controll:/home/yamashita/LegControll/install/monitor_node:/home/yamashita/LegControll/install/monitor:/home/yamashita/auto_robot_2024/install/controll_robot:/opt/ros/humble /usr/bin/cmake --build /home/yamashita/Robot_ws/build/coordinate_msg -- -j12 -l12
[0.299s] [  9%] Built target coordinate_msg__rosidl_generator_c
[0.300s] [ 12%] Built target coordinate_msg__cpp
[0.308s] [ 12%] Built target ament_cmake_python_copy_coordinate_msg
[0.318s] [ 22%] Built target coordinate_msg__rosidl_typesupport_fastrtps_cpp
[0.319s] [ 32%] Built target coordinate_msg__rosidl_typesupport_c
[0.320s] [ 41%] Built target coordinate_msg__rosidl_typesupport_introspection_c
[0.320s] [ 51%] Built target coordinate_msg__rosidl_typesupport_introspection_cpp
[0.321s] [ 61%] Built target coordinate_msg__rosidl_typesupport_fastrtps_c
[0.329s] [ 70%] Built target coordinate_msg__rosidl_typesupport_cpp
[0.347s] [ 70%] Built target coordinate_msg
[0.367s] [ 74%] Built target coordinate_msg__py
[0.388s] [ 80%] Built target coordinate_msg__rosidl_generator_py
[0.409s] [100%] Built target coordinate_msg__rosidl_typesupport_c__pyext
[0.410s] [100%] Built target coordinate_msg__rosidl_typesupport_introspection_c__pyext
[0.410s] [100%] Built target coordinate_msg__rosidl_typesupport_fastrtps_c__pyext
[0.484s] running egg_info
[0.484s] writing coordinate_msg.egg-info/PKG-INFO
[0.484s] writing dependency_links to coordinate_msg.egg-info/dependency_links.txt
[0.485s] writing top-level names to coordinate_msg.egg-info/top_level.txt
[0.486s] reading manifest file 'coordinate_msg.egg-info/SOURCES.txt'
[0.486s] writing manifest file 'coordinate_msg.egg-info/SOURCES.txt'
[0.508s] [100%] Built target ament_cmake_python_build_coordinate_msg_egg
[0.516s] Invoked command in '/home/yamashita/Robot_ws/build/coordinate_msg' returned '0': CMAKE_PREFIX_PATH=${CMAKE_PREFIX_PATH}:/home/yamashita/Robot_ws/install/bezier_root:/home/yamashita/LegControll/install/test_controll:/home/yamashita/LegControll/install/monitor_node:/home/yamashita/LegControll/install/monitor:/home/yamashita/auto_robot_2024/install/controll_robot:/opt/ros/humble /usr/bin/cmake --build /home/yamashita/Robot_ws/build/coordinate_msg -- -j12 -l12
[0.566s] Invoking command in '/home/yamashita/Robot_ws/build/coordinate_msg': CMAKE_PREFIX_PATH=${CMAKE_PREFIX_PATH}:/home/yamashita/Robot_ws/install/bezier_root:/home/yamashita/LegControll/install/test_controll:/home/yamashita/LegControll/install/monitor_node:/home/yamashita/LegControll/install/monitor:/home/yamashita/auto_robot_2024/install/controll_robot:/opt/ros/humble /usr/bin/cmake --install /home/yamashita/Robot_ws/build/coordinate_msg
[0.571s] -- Install configuration: ""
[0.571s] -- Up-to-date: /home/yamashita/Robot_ws/install/coordinate_msg/share/ament_index/resource_index/rosidl_interfaces/coordinate_msg
[0.571s] -- Up-to-date: /home/yamashita/Robot_ws/install/coordinate_msg/include/coordinate_msg/coordinate_msg
[0.571s] -- Up-to-date: /home/yamashita/Robot_ws/install/coordinate_msg/include/coordinate_msg/coordinate_msg/msg
[0.571s] -- Up-to-date: /home/yamashita/Robot_ws/install/coordinate_msg/include/coordinate_msg/coordinate_msg/msg/rosidl_generator_c__visibility_control.h
[0.572s] -- Up-to-date: /home/yamashita/Robot_ws/install/coordinate_msg/include/coordinate_msg/coordinate_msg/msg/detail
[0.572s] -- Up-to-date: /home/yamashita/Robot_ws/install/coordinate_msg/include/coordinate_msg/coordinate_msg/msg/detail/coordinate__struct.h
[0.572s] -- Up-to-date: /home/yamashita/Robot_ws/install/coordinate_msg/include/coordinate_msg/coordinate_msg/msg/detail/coordinate__type_support.h
[0.572s] -- Up-to-date: /home/yamashita/Robot_ws/install/coordinate_msg/include/coordinate_msg/coordinate_msg/msg/detail/coordinate__functions.h
[0.572s] -- Up-to-date: /home/yamashita/Robot_ws/install/coordinate_msg/include/coordinate_msg/coordinate_msg/msg/detail/coordinate__functions.c
[0.573s] -- Up-to-date: /home/yamashita/Robot_ws/install/coordinate_msg/include/coordinate_msg/coordinate_msg/msg/coordinate.h
[0.573s] -- Up-to-date: /home/yamashita/Robot_ws/install/coordinate_msg/share/coordinate_msg/environment/library_path.sh
[0.573s] -- Up-to-date: /home/yamashita/Robot_ws/install/coordinate_msg/share/coordinate_msg/environment/library_path.dsv
[0.573s] -- Up-to-date: /home/yamashita/Robot_ws/install/coordinate_msg/lib/libcoordinate_msg__rosidl_generator_c.so
[0.573s] -- Up-to-date: /home/yamashita/Robot_ws/install/coordinate_msg/include/coordinate_msg/coordinate_msg
[0.573s] -- Up-to-date: /home/yamashita/Robot_ws/install/coordinate_msg/include/coordinate_msg/coordinate_msg/msg
[0.573s] -- Up-to-date: /home/yamashita/Robot_ws/install/coordinate_msg/include/coordinate_msg/coordinate_msg/msg/rosidl_typesupport_fastrtps_c__visibility_control.h
[0.573s] -- Up-to-date: /home/yamashita/Robot_ws/install/coordinate_msg/include/coordinate_msg/coordinate_msg/msg/detail
[0.574s] -- Up-to-date: /home/yamashita/Robot_ws/install/coordinate_msg/include/coordinate_msg/coordinate_msg/msg/detail/coordinate__rosidl_typesupport_fastrtps_c.h
[0.574s] -- Up-to-date: /home/yamashita/Robot_ws/install/coordinate_msg/lib/libcoordinate_msg__rosidl_typesupport_fastrtps_c.so
[0.574s] -- Up-to-date: /home/yamashita/Robot_ws/install/coordinate_msg/include/coordinate_msg/coordinate_msg
[0.574s] -- Up-to-date: /home/yamashita/Robot_ws/install/coordinate_msg/include/coordinate_msg/coordinate_msg/msg
[0.574s] -- Up-to-date: /home/yamashita/Robot_ws/install/coordinate_msg/include/coordinate_msg/coordinate_msg/msg/rosidl_typesupport_introspection_c__visibility_control.h
[0.574s] -- Up-to-date: /home/yamashita/Robot_ws/install/coordinate_msg/include/coordinate_msg/coordinate_msg/msg/detail
[0.574s] -- Up-to-date: /home/yamashita/Robot_ws/install/coordinate_msg/include/coordinate_msg/coordinate_msg/msg/detail/coordinate__type_support.c
[0.574s] -- Up-to-date: /home/yamashita/Robot_ws/install/coordinate_msg/include/coordinate_msg/coordinate_msg/msg/detail/coordinate__rosidl_typesupport_introspection_c.h
[0.575s] -- Up-to-date: /home/yamashita/Robot_ws/install/coordinate_msg/lib/libcoordinate_msg__rosidl_typesupport_introspection_c.so
[0.575s] -- Up-to-date: /home/yamashita/Robot_ws/install/coordinate_msg/lib/libcoordinate_msg__rosidl_typesupport_c.so
[0.575s] -- Up-to-date: /home/yamashita/Robot_ws/install/coordinate_msg/include/coordinate_msg/coordinate_msg
[0.575s] -- Up-to-date: /home/yamashita/Robot_ws/install/coordinate_msg/include/coordinate_msg/coordinate_msg/msg
[0.575s] -- Up-to-date: /home/yamashita/Robot_ws/install/coordinate_msg/include/coordinate_msg/coordinate_msg/msg/detail
[0.575s] -- Up-to-date: /home/yamashita/Robot_ws/install/coordinate_msg/include/coordinate_msg/coordinate_msg/msg/detail/coordinate__struct.hpp
[0.575s] -- Up-to-date: /home/yamashita/Robot_ws/install/coordinate_msg/include/coordinate_msg/coordinate_msg/msg/detail/coordinate__builder.hpp
[0.575s] -- Up-to-date: /home/yamashita/Robot_ws/install/coordinate_msg/include/coordinate_msg/coordinate_msg/msg/detail/coordinate__traits.hpp
[0.575s] -- Up-to-date: /home/yamashita/Robot_ws/install/coordinate_msg/include/coordinate_msg/coordinate_msg/msg/coordinate.hpp
[0.575s] -- Up-to-date: /home/yamashita/Robot_ws/install/coordinate_msg/include/coordinate_msg/coordinate_msg
[0.575s] -- Up-to-date: /home/yamashita/Robot_ws/install/coordinate_msg/include/coordinate_msg/coordinate_msg/msg
[0.576s] -- Up-to-date: /home/yamashita/Robot_ws/install/coordinate_msg/include/coordinate_msg/coordinate_msg/msg/rosidl_typesupport_fastrtps_cpp__visibility_control.h
[0.576s] -- Up-to-date: /home/yamashita/Robot_ws/install/coordinate_msg/include/coordinate_msg/coordinate_msg/msg/detail
[0.576s] -- Up-to-date: /home/yamashita/Robot_ws/install/coordinate_msg/include/coordinate_msg/coordinate_msg/msg/detail/coordinate__rosidl_typesupport_fastrtps_cpp.hpp
[0.576s] -- Up-to-date: /home/yamashita/Robot_ws/install/coordinate_msg/include/coordinate_msg/coordinate_msg/msg/detail/dds_fastrtps
[0.576s] -- Up-to-date: /home/yamashita/Robot_ws/install/coordinate_msg/lib/libcoordinate_msg__rosidl_typesupport_fastrtps_cpp.so
[0.576s] -- Up-to-date: /home/yamashita/Robot_ws/install/coordinate_msg/include/coordinate_msg/coordinate_msg
[0.576s] -- Up-to-date: /home/yamashita/Robot_ws/install/coordinate_msg/include/coordinate_msg/coordinate_msg/msg
[0.576s] -- Up-to-date: /home/yamashita/Robot_ws/install/coordinate_msg/include/coordinate_msg/coordinate_msg/msg/detail
[0.576s] -- Up-to-date: /home/yamashita/Robot_ws/install/coordinate_msg/include/coordinate_msg/coordinate_msg/msg/detail/coordinate__type_support.cpp
[0.576s] -- Up-to-date: /home/yamashita/Robot_ws/install/coordinate_msg/include/coordinate_msg/coordinate_msg/msg/detail/coordinate__rosidl_typesupport_introspection_cpp.hpp
[0.576s] -- Up-to-date: /home/yamashita/Robot_ws/install/coordinate_msg/lib/libcoordinate_msg__rosidl_typesupport_introspection_cpp.so
[0.577s] -- Up-to-date: /home/yamashita/Robot_ws/install/coordinate_msg/lib/libcoordinate_msg__rosidl_typesupport_cpp.so
[0.577s] -- Up-to-date: /home/yamashita/Robot_ws/install/coordinate_msg/share/coordinate_msg/environment/pythonpath.sh
[0.577s] -- Up-to-date: /home/yamashita/Robot_ws/install/coordinate_msg/share/coordinate_msg/environment/pythonpath.dsv
[0.577s] -- Up-to-date: /home/yamashita/Robot_ws/install/coordinate_msg/local/lib/python3.10/dist-packages/coordinate_msg-0.0.0-py3.10.egg-info
[0.577s] -- Installing: /home/yamashita/Robot_ws/install/coordinate_msg/local/lib/python3.10/dist-packages/coordinate_msg-0.0.0-py3.10.egg-info/PKG-INFO
[0.577s] -- Installing: /home/yamashita/Robot_ws/install/coordinate_msg/local/lib/python3.10/dist-packages/coordinate_msg-0.0.0-py3.10.egg-info/top_level.txt
[0.577s] -- Installing: /home/yamashita/Robot_ws/install/coordinate_msg/local/lib/python3.10/dist-packages/coordinate_msg-0.0.0-py3.10.egg-info/SOURCES.txt
[0.577s] -- Installing: /home/yamashita/Robot_ws/install/coordinate_msg/local/lib/python3.10/dist-packages/coordinate_msg-0.0.0-py3.10.egg-info/dependency_links.txt
[0.577s] -- Up-to-date: /home/yamashita/Robot_ws/install/coordinate_msg/local/lib/python3.10/dist-packages/coordinate_msg
[0.577s] -- Up-to-date: /home/yamashita/Robot_ws/install/coordinate_msg/local/lib/python3.10/dist-packages/coordinate_msg/_coordinate_msg_s.ep.rosidl_typesupport_c.c
[0.577s] -- Up-to-date: /home/yamashita/Robot_ws/install/coordinate_msg/local/lib/python3.10/dist-packages/coordinate_msg/coordinate_msg_s__rosidl_typesupport_c.cpython-310-x86_64-linux-gnu.so
[0.578s] -- Up-to-date: /home/yamashita/Robot_ws/install/coordinate_msg/local/lib/python3.10/dist-packages/coordinate_msg/coordinate_msg_s__rosidl_typesupport_fastrtps_c.cpython-310-x86_64-linux-gnu.so
[0.578s] -- Up-to-date: /home/yamashita/Robot_ws/install/coordinate_msg/local/lib/python3.10/dist-packages/coordinate_msg/libcoordinate_msg__rosidl_generator_py.so
[0.578s] -- Up-to-date: /home/yamashita/Robot_ws/install/coordinate_msg/local/lib/python3.10/dist-packages/coordinate_msg/_coordinate_msg_s.ep.rosidl_typesupport_fastrtps_c.c
[0.578s] -- Up-to-date: /home/yamashita/Robot_ws/install/coordinate_msg/local/lib/python3.10/dist-packages/coordinate_msg/__init__.py
[0.578s] -- Up-to-date: /home/yamashita/Robot_ws/install/coordinate_msg/local/lib/python3.10/dist-packages/coordinate_msg/msg
[0.578s] -- Up-to-date: /home/yamashita/Robot_ws/install/coordinate_msg/local/lib/python3.10/dist-packages/coordinate_msg/msg/_coordinate.py
[0.578s] -- Up-to-date: /home/yamashita/Robot_ws/install/coordinate_msg/local/lib/python3.10/dist-packages/coordinate_msg/msg/_coordinate_s.c
[0.578s] -- Up-to-date: /home/yamashita/Robot_ws/install/coordinate_msg/local/lib/python3.10/dist-packages/coordinate_msg/msg/__init__.py
[0.578s] -- Up-to-date: /home/yamashita/Robot_ws/install/coordinate_msg/local/lib/python3.10/dist-packages/coordinate_msg/coordinate_msg_s__rosidl_typesupport_introspection_c.cpython-310-x86_64-linux-gnu.so
[0.578s] -- Up-to-date: /home/yamashita/Robot_ws/install/coordinate_msg/local/lib/python3.10/dist-packages/coordinate_msg/_coordinate_msg_s.ep.rosidl_typesupport_introspection_c.c
[0.599s] Listing '/home/yamashita/Robot_ws/install/coordinate_msg/local/lib/python3.10/dist-packages/coordinate_msg'...
[0.599s] Listing '/home/yamashita/Robot_ws/install/coordinate_msg/local/lib/python3.10/dist-packages/coordinate_msg/msg'...
[0.602s] -- Up-to-date: /home/yamashita/Robot_ws/install/coordinate_msg/local/lib/python3.10/dist-packages/coordinate_msg/coordinate_msg_s__rosidl_typesupport_fastrtps_c.cpython-310-x86_64-linux-gnu.so
[0.602s] -- Up-to-date: /home/yamashita/Robot_ws/install/coordinate_msg/local/lib/python3.10/dist-packages/coordinate_msg/coordinate_msg_s__rosidl_typesupport_introspection_c.cpython-310-x86_64-linux-gnu.so
[0.602s] -- Up-to-date: /home/yamashita/Robot_ws/install/coordinate_msg/local/lib/python3.10/dist-packages/coordinate_msg/coordinate_msg_s__rosidl_typesupport_c.cpython-310-x86_64-linux-gnu.so
[0.603s] -- Up-to-date: /home/yamashita/Robot_ws/install/coordinate_msg/lib/libcoordinate_msg__rosidl_generator_py.so
[0.603s] -- Up-to-date: /home/yamashita/Robot_ws/install/coordinate_msg/share/coordinate_msg/msg/Coordinate.idl
[0.603s] -- Up-to-date: /home/yamashita/Robot_ws/install/coordinate_msg/share/coordinate_msg/msg/Coordinate.msg
[0.603s] -- Up-to-date: /home/yamashita/Robot_ws/install/coordinate_msg/share/ament_index/resource_index/package_run_dependencies/coordinate_msg
[0.603s] -- Up-to-date: /home/yamashita/Robot_ws/install/coordinate_msg/share/ament_index/resource_index/parent_prefix_path/coordinate_msg
[0.603s] -- Up-to-date: /home/yamashita/Robot_ws/install/coordinate_msg/share/coordinate_msg/environment/ament_prefix_path.sh
[0.604s] -- Up-to-date: /home/yamashita/Robot_ws/install/coordinate_msg/share/coordinate_msg/environment/ament_prefix_path.dsv
[0.604s] -- Up-to-date: /home/yamashita/Robot_ws/install/coordinate_msg/share/coordinate_msg/environment/path.sh
[0.604s] -- Up-to-date: /home/yamashita/Robot_ws/install/coordinate_msg/share/coordinate_msg/environment/path.dsv
[0.604s] -- Up-to-date: /home/yamashita/Robot_ws/install/coordinate_msg/share/coordinate_msg/local_setup.bash
[0.604s] -- Up-to-date: /home/yamashita/Robot_ws/install/coordinate_msg/share/coordinate_msg/local_setup.sh
[0.604s] -- Up-to-date: /home/yamashita/Robot_ws/install/coordinate_msg/share/coordinate_msg/local_setup.zsh
[0.605s] -- Up-to-date: /home/yamashita/Robot_ws/install/coordinate_msg/share/coordinate_msg/local_setup.dsv
[0.605s] -- Installing: /home/yamashita/Robot_ws/install/coordinate_msg/share/coordinate_msg/package.dsv
[0.606s] -- Up-to-date: /home/yamashita/Robot_ws/install/coordinate_msg/share/ament_index/resource_index/packages/coordinate_msg
[0.606s] -- Up-to-date: /home/yamashita/Robot_ws/install/coordinate_msg/share/coordinate_msg/cmake/export_coordinate_msg__rosidl_generator_cExport.cmake
[0.606s] -- Up-to-date: /home/yamashita/Robot_ws/install/coordinate_msg/share/coordinate_msg/cmake/export_coordinate_msg__rosidl_generator_cExport-noconfig.cmake
[0.607s] -- Up-to-date: /home/yamashita/Robot_ws/install/coordinate_msg/share/coordinate_msg/cmake/export_coordinate_msg__rosidl_typesupport_fastrtps_cExport.cmake
[0.607s] -- Up-to-date: /home/yamashita/Robot_ws/install/coordinate_msg/share/coordinate_msg/cmake/export_coordinate_msg__rosidl_typesupport_fastrtps_cExport-noconfig.cmake
[0.607s] -- Up-to-date: /home/yamashita/Robot_ws/install/coordinate_msg/share/coordinate_msg/cmake/coordinate_msg__rosidl_typesupport_introspection_cExport.cmake
[0.607s] -- Up-to-date: /home/yamashita/Robot_ws/install/coordinate_msg/share/coordinate_msg/cmake/coordinate_msg__rosidl_typesupport_introspection_cExport-noconfig.cmake
[0.607s] -- Up-to-date: /home/yamashita/Robot_ws/install/coordinate_msg/share/coordinate_msg/cmake/coordinate_msg__rosidl_typesupport_cExport.cmake
[0.607s] -- Up-to-date: /home/yamashita/Robot_ws/install/coordinate_msg/share/coordinate_msg/cmake/coordinate_msg__rosidl_typesupport_cExport-noconfig.cmake
[0.607s] -- Up-to-date: /home/yamashita/Robot_ws/install/coordinate_msg/share/coordinate_msg/cmake/export_coordinate_msg__rosidl_generator_cppExport.cmake
[0.607s] -- Up-to-date: /home/yamashita/Robot_ws/install/coordinate_msg/share/coordinate_msg/cmake/export_coordinate_msg__rosidl_typesupport_fastrtps_cppExport.cmake
[0.607s] -- Up-to-date: /home/yamashita/Robot_ws/install/coordinate_msg/share/coordinate_msg/cmake/export_coordinate_msg__rosidl_typesupport_fastrtps_cppExport-noconfig.cmake
[0.608s] -- Up-to-date: /home/yamashita/Robot_ws/install/coordinate_msg/share/coordinate_msg/cmake/coordinate_msg__rosidl_typesupport_introspection_cppExport.cmake
[0.608s] -- Up-to-date: /home/yamashita/Robot_ws/install/coordinate_msg/share/coordinate_msg/cmake/coordinate_msg__rosidl_typesupport_introspection_cppExport-noconfig.cmake
[0.608s] -- Up-to-date: /home/yamashita/Robot_ws/install/coordinate_msg/share/coordinate_msg/cmake/coordinate_msg__rosidl_typesupport_cppExport.cmake
[0.608s] -- Up-to-date: /home/yamashita/Robot_ws/install/coordinate_msg/share/coordinate_msg/cmake/coordinate_msg__rosidl_typesupport_cppExport-noconfig.cmake
[0.608s] -- Up-to-date: /home/yamashita/Robot_ws/install/coordinate_msg/share/coordinate_msg/cmake/export_coordinate_msg__rosidl_generator_pyExport.cmake
[0.608s] -- Up-to-date: /home/yamashita/Robot_ws/install/coordinate_msg/share/coordinate_msg/cmake/export_coordinate_msg__rosidl_generator_pyExport-noconfig.cmake
[0.608s] -- Up-to-date: /home/yamashita/Robot_ws/install/coordinate_msg/share/coordinate_msg/cmake/rosidl_cmake-extras.cmake
[0.608s] -- Up-to-date: /home/yamashita/Robot_ws/install/coordinate_msg/share/coordinate_msg/cmake/ament_cmake_export_include_directories-extras.cmake
[0.608s] -- Up-to-date: /home/yamashita/Robot_ws/install/coordinate_msg/share/coordinate_msg/cmake/ament_cmake_export_libraries-extras.cmake
[0.608s] -- Up-to-date: /home/yamashita/Robot_ws/install/coordinate_msg/share/coordinate_msg/cmake/ament_cmake_export_targets-extras.cmake
[0.609s] -- Up-to-date: /home/yamashita/Robot_ws/install/coordinate_msg/share/coordinate_msg/cmake/rosidl_cmake_export_typesupport_targets-extras.cmake
[0.610s] -- Up-to-date: /home/yamashita/Robot_ws/install/coordinate_msg/share/coordinate_msg/cmake/ament_cmake_export_dependencies-extras.cmake
[0.611s] -- Up-to-date: /home/yamashita/Robot_ws/install/coordinate_msg/share/coordinate_msg/cmake/rosidl_cmake_export_typesupport_libraries-extras.cmake
[0.612s] -- Up-to-date: /home/yamashita/Robot_ws/install/coordinate_msg/share/coordinate_msg/cmake/coordinate_msgConfig.cmake
[0.615s] -- Up-to-date: /home/yamashita/Robot_ws/install/coordinate_msg/share/coordinate_msg/cmake/coordinate_msgConfig-version.cmake
[0.615s] -- Up-to-date: /home/yamashita/Robot_ws/install/coordinate_msg/share/coordinate_msg/package.xml
[0.615s] Invoked command in '/home/yamashita/Robot_ws/build/coordinate_msg' returned '0': CMAKE_PREFIX_PATH=${CMAKE_PREFIX_PATH}:/home/yamashita/Robot_ws/install/bezier_root:/home/yamashita/LegControll/install/test_controll:/home/yamashita/LegControll/install/monitor_node:/home/yamashita/LegControll/install/monitor:/home/yamashita/auto_robot_2024/install/controll_robot:/opt/ros/humble /usr/bin/cmake --install /home/yamashita/Robot_ws/build/coordinate_msg
