[0.204s] DEBUG:colcon:Command line arguments: ['/usr/bin/colcon', 'list', '-p', '--base-paths', '/home/yamashita/Robot_ws']
[0.204s] DEBUG:colcon:Parsed command line arguments: Namespace(log_base=None, log_level=None, verb_name='list', build_base='build', ignore_user_meta=False, metas=['./colcon.meta'], base_paths=['/home/yamashita/Robot_ws'], packages_ignore=None, packages_ignore_regex=None, paths=None, packages_up_to=None, packages_up_to_regex=None, packages_above=None, packages_above_and_dependencies=None, packages_above_depth=None, packages_select_by_dep=None, packages_skip_by_dep=None, packages_skip_up_to=None, packages_select_build_failed=False, packages_skip_build_finished=False, packages_select_test_failures=False, packages_skip_test_passed=False, packages_select=None, packages_skip=None, packages_select_regex=None, packages_skip_regex=None, packages_start=None, packages_end=None, allow_overriding=[], topological_order=False, names_only=False, paths_only=True, topological_graph=False, topological_graph_dot=False, topological_graph_density=False, topological_graph_legend=False, topological_graph_dot_cluster=False, topological_graph_dot_include_skipped=False, verb_parser=<colcon_defaults.argument_parser.defaults.DefaultArgumentsDecorator object at 0x7f0fca8ed2d0>, verb_extension=<colcon_package_information.verb.list.ListVerb object at 0x7f0fcaa59f60>, main=<bound method ListVerb.main of <colcon_package_information.verb.list.ListVerb object at 0x7f0fcaa59f60>>)
[0.465s] Level 1:colcon.colcon_core.package_discovery:discover_packages(colcon_meta) check parameters
[0.465s] Level 1:colcon.colcon_core.package_discovery:discover_packages(recursive) check parameters
[0.466s] Level 1:colcon.colcon_core.package_discovery:discover_packages(ignore) check parameters
[0.466s] Level 1:colcon.colcon_core.package_discovery:discover_packages(path) check parameters
[0.466s] Level 1:colcon.colcon_core.package_discovery:discover_packages(recursive) discover
[0.466s] INFO:colcon.colcon_core.package_discovery:Crawling recursively for packages in '/home/yamashita/Robot_ws'
[0.467s] Level 1:colcon.colcon_core.package_identification:_identify(/home/yamashita/Robot_ws) by extensions ['ignore', 'ignore_ament_install']
[0.467s] Level 1:colcon.colcon_core.package_identification:_identify(/home/yamashita/Robot_ws) by extension 'ignore'
[0.467s] Level 1:colcon.colcon_core.package_identification:_identify(/home/yamashita/Robot_ws) by extension 'ignore_ament_install'
[0.467s] Level 1:colcon.colcon_core.package_identification:_identify(/home/yamashita/Robot_ws) by extensions ['colcon_pkg']
[0.467s] Level 1:colcon.colcon_core.package_identification:_identify(/home/yamashita/Robot_ws) by extension 'colcon_pkg'
[0.467s] Level 1:colcon.colcon_core.package_identification:_identify(/home/yamashita/Robot_ws) by extensions ['colcon_meta']
[0.467s] Level 1:colcon.colcon_core.package_identification:_identify(/home/yamashita/Robot_ws) by extension 'colcon_meta'
[0.467s] Level 1:colcon.colcon_core.package_identification:_identify(/home/yamashita/Robot_ws) by extensions ['ros']
[0.468s] Level 1:colcon.colcon_core.package_identification:_identify(/home/yamashita/Robot_ws) by extension 'ros'
[0.487s] Level 1:colcon.colcon_core.package_identification:_identify(/home/yamashita/Robot_ws) by extensions ['cmake', 'python']
[0.488s] Level 1:colcon.colcon_core.package_identification:_identify(/home/yamashita/Robot_ws) by extension 'cmake'
[0.488s] Level 1:colcon.colcon_core.package_identification:_identify(/home/yamashita/Robot_ws) by extension 'python'
[0.488s] Level 1:colcon.colcon_core.package_identification:_identify(/home/yamashita/Robot_ws) by extensions ['python_setup_py']
[0.488s] Level 1:colcon.colcon_core.package_identification:_identify(/home/yamashita/Robot_ws) by extension 'python_setup_py'
[0.488s] Level 1:colcon.colcon_core.package_identification:_identify(/home/yamashita/Robot_ws/build) by extensions ['ignore', 'ignore_ament_install']
[0.488s] Level 1:colcon.colcon_core.package_identification:_identify(/home/yamashita/Robot_ws/build) by extension 'ignore'
[0.488s] Level 1:colcon.colcon_core.package_identification:_identify(/home/yamashita/Robot_ws/build) ignored
[0.488s] Level 1:colcon.colcon_core.package_identification:_identify(/home/yamashita/Robot_ws/install) by extensions ['ignore', 'ignore_ament_install']
[0.488s] Level 1:colcon.colcon_core.package_identification:_identify(/home/yamashita/Robot_ws/install) by extension 'ignore'
[0.488s] Level 1:colcon.colcon_core.package_identification:_identify(/home/yamashita/Robot_ws/install) ignored
[0.489s] Level 1:colcon.colcon_core.package_identification:_identify(/home/yamashita/Robot_ws/log) by extensions ['ignore', 'ignore_ament_install']
[0.489s] Level 1:colcon.colcon_core.package_identification:_identify(/home/yamashita/Robot_ws/log) by extension 'ignore'
[0.489s] Level 1:colcon.colcon_core.package_identification:_identify(/home/yamashita/Robot_ws/log) ignored
[0.489s] Level 1:colcon.colcon_core.package_identification:_identify(/home/yamashita/Robot_ws/src) by extensions ['ignore', 'ignore_ament_install']
[0.489s] Level 1:colcon.colcon_core.package_identification:_identify(/home/yamashita/Robot_ws/src) by extension 'ignore'
[0.489s] Level 1:colcon.colcon_core.package_identification:_identify(/home/yamashita/Robot_ws/src) by extension 'ignore_ament_install'
[0.489s] Level 1:colcon.colcon_core.package_identification:_identify(/home/yamashita/Robot_ws/src) by extensions ['colcon_pkg']
[0.489s] Level 1:colcon.colcon_core.package_identification:_identify(/home/yamashita/Robot_ws/src) by extension 'colcon_pkg'
[0.489s] Level 1:colcon.colcon_core.package_identification:_identify(/home/yamashita/Robot_ws/src) by extensions ['colcon_meta']
[0.489s] Level 1:colcon.colcon_core.package_identification:_identify(/home/yamashita/Robot_ws/src) by extension 'colcon_meta'
[0.489s] Level 1:colcon.colcon_core.package_identification:_identify(/home/yamashita/Robot_ws/src) by extensions ['ros']
[0.489s] Level 1:colcon.colcon_core.package_identification:_identify(/home/yamashita/Robot_ws/src) by extension 'ros'
[0.489s] Level 1:colcon.colcon_core.package_identification:_identify(/home/yamashita/Robot_ws/src) by extensions ['cmake', 'python']
[0.489s] Level 1:colcon.colcon_core.package_identification:_identify(/home/yamashita/Robot_ws/src) by extension 'cmake'
[0.489s] Level 1:colcon.colcon_core.package_identification:_identify(/home/yamashita/Robot_ws/src) by extension 'python'
[0.489s] Level 1:colcon.colcon_core.package_identification:_identify(/home/yamashita/Robot_ws/src) by extensions ['python_setup_py']
[0.489s] Level 1:colcon.colcon_core.package_identification:_identify(/home/yamashita/Robot_ws/src) by extension 'python_setup_py'
[0.489s] Level 1:colcon.colcon_core.package_identification:_identify(/home/yamashita/Robot_ws/src/bezier_root) by extensions ['ignore', 'ignore_ament_install']
[0.489s] Level 1:colcon.colcon_core.package_identification:_identify(/home/yamashita/Robot_ws/src/bezier_root) by extension 'ignore'
[0.489s] Level 1:colcon.colcon_core.package_identification:_identify(/home/yamashita/Robot_ws/src/bezier_root) by extension 'ignore_ament_install'
[0.489s] Level 1:colcon.colcon_core.package_identification:_identify(/home/yamashita/Robot_ws/src/bezier_root) by extensions ['colcon_pkg']
[0.489s] Level 1:colcon.colcon_core.package_identification:_identify(/home/yamashita/Robot_ws/src/bezier_root) by extension 'colcon_pkg'
[0.489s] Level 1:colcon.colcon_core.package_identification:_identify(/home/yamashita/Robot_ws/src/bezier_root) by extensions ['colcon_meta']
[0.489s] Level 1:colcon.colcon_core.package_identification:_identify(/home/yamashita/Robot_ws/src/bezier_root) by extension 'colcon_meta'
[0.490s] Level 1:colcon.colcon_core.package_identification:_identify(/home/yamashita/Robot_ws/src/bezier_root) by extensions ['ros']
[0.490s] Level 1:colcon.colcon_core.package_identification:_identify(/home/yamashita/Robot_ws/src/bezier_root) by extension 'ros'
[0.493s] DEBUG:colcon.colcon_core.package_identification:Package '/home/yamashita/Robot_ws/src/bezier_root' with type 'ros.ament_python' and name 'bezier_root'
[0.494s] Level 1:colcon.colcon_core.package_identification:_identify(/home/yamashita/Robot_ws/src/coordinate_msg) by extensions ['ignore', 'ignore_ament_install']
[0.494s] Level 1:colcon.colcon_core.package_identification:_identify(/home/yamashita/Robot_ws/src/coordinate_msg) by extension 'ignore'
[0.494s] Level 1:colcon.colcon_core.package_identification:_identify(/home/yamashita/Robot_ws/src/coordinate_msg) by extension 'ignore_ament_install'
[0.494s] Level 1:colcon.colcon_core.package_identification:_identify(/home/yamashita/Robot_ws/src/coordinate_msg) by extensions ['colcon_pkg']
[0.494s] Level 1:colcon.colcon_core.package_identification:_identify(/home/yamashita/Robot_ws/src/coordinate_msg) by extension 'colcon_pkg'
[0.494s] Level 1:colcon.colcon_core.package_identification:_identify(/home/yamashita/Robot_ws/src/coordinate_msg) by extensions ['colcon_meta']
[0.494s] Level 1:colcon.colcon_core.package_identification:_identify(/home/yamashita/Robot_ws/src/coordinate_msg) by extension 'colcon_meta'
[0.495s] Level 1:colcon.colcon_core.package_identification:_identify(/home/yamashita/Robot_ws/src/coordinate_msg) by extensions ['ros']
[0.495s] Level 1:colcon.colcon_core.package_identification:_identify(/home/yamashita/Robot_ws/src/coordinate_msg) by extension 'ros'
[0.495s] DEBUG:colcon.colcon_core.package_identification:Package '/home/yamashita/Robot_ws/src/coordinate_msg' with type 'ros.ament_cmake' and name 'coordinate_msg'
[0.495s] Level 1:colcon.colcon_core.package_discovery:discover_packages(recursive) using defaults
