[0.605s] Invoking command in '/home/yamashita/Robot_ws/src/bezier_root': PYTHONPATH=/home/yamashita/Robot_ws/build/bezier_root/prefix_override:/home/yamashita/Robot_ws/install/bezier_root/lib/python3.10/site-packages:${PYTHONPATH} /usr/bin/python3 setup.py egg_info --egg-base ../../build/bezier_root build --build-base /home/yamashita/Robot_ws/build/bezier_root/build install --record /home/yamashita/Robot_ws/build/bezier_root/install.log --single-version-externally-managed
[0.775s] running egg_info
[0.775s] writing ../../build/bezier_root/bezier_root.egg-info/PKG-INFO
[0.776s] writing dependency_links to ../../build/bezier_root/bezier_root.egg-info/dependency_links.txt
[0.776s] writing entry points to ../../build/bezier_root/bezier_root.egg-info/entry_points.txt
[0.777s] writing requirements to ../../build/bezier_root/bezier_root.egg-info/requires.txt
[0.777s] writing top-level names to ../../build/bezier_root/bezier_root.egg-info/top_level.txt
[0.779s] reading manifest file '../../build/bezier_root/bezier_root.egg-info/SOURCES.txt'
[0.779s] writing manifest file '../../build/bezier_root/bezier_root.egg-info/SOURCES.txt'
[0.779s] running build
[0.779s] running build_py
[0.780s] copying bezier_root/bezier.py -> /home/yamashita/Robot_ws/build/bezier_root/build/lib/bezier_root
[0.781s] running install
[0.782s] running install_lib
[0.782s] copying /home/yamashita/Robot_ws/build/bezier_root/build/lib/bezier_root/bezier.py -> /home/yamashita/Robot_ws/install/bezier_root/lib/python3.10/site-packages/bezier_root
[0.782s] byte-compiling /home/yamashita/Robot_ws/install/bezier_root/lib/python3.10/site-packages/bezier_root/bezier.py to bezier.cpython-310.pyc
[0.782s] running install_data
[0.782s] running install_egg_info
[0.782s] removing '/home/yamashita/Robot_ws/install/bezier_root/lib/python3.10/site-packages/bezier_root-0.0.0-py3.10.egg-info' (and everything under it)
[0.783s] Copying ../../build/bezier_root/bezier_root.egg-info to /home/yamashita/Robot_ws/install/bezier_root/lib/python3.10/site-packages/bezier_root-0.0.0-py3.10.egg-info
[0.783s] running install_scripts
[0.798s] Installing besierRoot script to /home/yamashita/Robot_ws/install/bezier_root/lib/bezier_root
[0.804s] writing list of installed files to '/home/yamashita/Robot_ws/build/bezier_root/install.log'
[0.840s] Invoked command in '/home/yamashita/Robot_ws/src/bezier_root' returned '0': PYTHONPATH=/home/yamashita/Robot_ws/build/bezier_root/prefix_override:/home/yamashita/Robot_ws/install/bezier_root/lib/python3.10/site-packages:${PYTHONPATH} /usr/bin/python3 setup.py egg_info --egg-base ../../build/bezier_root build --build-base /home/yamashita/Robot_ws/build/bezier_root/build install --record /home/yamashita/Robot_ws/build/bezier_root/install.log --single-version-externally-managed
