[0.103s] Invoking command in '/home/yamashita/Robot_ws/build/CoordinateMsg': CMAKE_PREFIX_PATH=${CMAKE_PREFIX_PATH}:/home/yamashita/Robot_ws/install/bezier_root:/home/yamashita/LegControll/install/test_controll:/home/yamashita/LegControll/install/monitor_node:/home/yamashita/LegControll/install/monitor:/home/yamashita/auto_robot_2024/install/controll_robot:/opt/ros/humble /usr/bin/cmake /home/yamashita/Robot_ws/src/CoordinateMsg -DCMAKE_INSTALL_PREFIX=/home/yamashita/Robot_ws/install/CoordinateMsg
[0.111s] -- Found ament_cmake: 1.3.8 (/opt/ros/humble/share/ament_cmake/cmake)
[0.197s] -- Found rosidl_default_generators: 1.2.0 (/opt/ros/humble/share/rosidl_default_generators/cmake)
[0.198s] -- Using all available rosidl_typesupport_c: rosidl_typesupport_fastrtps_c;rosidl_typesupport_introspection_c
[0.200s] -- Found rosidl_adapter: 3.1.5 (/opt/ros/humble/share/rosidl_adapter/cmake)
[0.328s] -- Using all available rosidl_typesupport_cpp: rosidl_typesupport_fastrtps_cpp;rosidl_typesupport_introspection_cpp
[0.461s] [31mCMake Error at /opt/ros/humble/share/rosidl_adapter/cmake/rosidl_adapt_interfaces.cmake:59 (message):
[0.461s]   execute_process(/usr/bin/python3 -m rosidl_adapter --package-name
[0.461s]   CoordinateMsg --arguments-file
[0.461s]   /home/yamashita/Robot_ws/build/CoordinateMsg/rosidl_adapter__arguments__CoordinateMsg.json
[0.461s]   --output-dir
[0.461s]   /home/yamashita/Robot_ws/build/CoordinateMsg/rosidl_adapter/CoordinateMsg
[0.461s]   --output-file
[0.461s]   /home/yamashita/Robot_ws/build/CoordinateMsg/rosidl_adapter/CoordinateMsg.idls)
[0.461s]   returned error code 1:
[0.461s] 
[0.461s]   Traceback (most recent call last):
[0.461s] 
[0.461s]     File "/usr/lib/python3.10/runpy.py", line 196, in _run_module_as_main
[0.461s]       return _run_code(code, main_globals, None,
[0.461s]     File "/usr/lib/python3.10/runpy.py", line 86, in _run_code
[0.461s]       exec(code, run_globals)
[0.462s]     File "/opt/ros/humble/local/lib/python3.10/dist-packages/rosidl_adapter/__main__.py", line 19, in <module>
[0.462s]       sys.exit(main())
[0.462s]     File "/opt/ros/humble/local/lib/python3.10/dist-packages/rosidl_adapter/main.py", line 53, in main
[0.462s]       abs_idl_file = convert_to_idl(
[0.462s]     File "/opt/ros/humble/local/lib/python3.10/dist-packages/rosidl_adapter/__init__.py", line 19, in convert_to_idl
[0.462s]       return convert_msg_to_idl(
[0.462s]     File "/opt/ros/humble/local/lib/python3.10/dist-packages/rosidl_adapter/msg/__init__.py", line 28, in convert_msg_to_idl
[0.462s]       msg = parse_message_string(package_name, input_file.stem, content)
[0.462s]     File "/opt/ros/humble/local/lib/python3.10/dist-packages/rosidl_adapter/parser.py", line 544, in parse_message_string
[0.462s]       msg = MessageSpecification(pkg_name, msg_name, fields, constants)
[0.462s]     File "/opt/ros/humble/local/lib/python3.10/dist-packages/rosidl_adapter/parser.py", line 388, in __init__
[0.462s]       self.base_type = BaseType(
[0.462s]     File "/opt/ros/humble/local/lib/python3.10/dist-packages/rosidl_adapter/parser.py", line 201, in __init__
[0.462s]       raise InvalidResourceName(
[0.462s] 
[0.462s]   rosidl_adapter.parser.InvalidResourceName: 'CoordinateMsg' is an invalid
[0.462s]   package name.  It should have the pattern
[0.462s]   '^(?!.*__)(?!.*_$)[a-z][a-z0-9_]*$'
[0.462s] 
[0.462s] Call Stack (most recent call first):
[0.463s]   /opt/ros/humble/share/rosidl_cmake/cmake/rosidl_generate_interfaces.cmake:130 (rosidl_adapt_interfaces)
[0.463s]   CMakeLists.txt:13 (rosidl_generate_interfaces)
[0.463s] 
[0.463s] [0m
[0.463s] -- Configuring incomplete, errors occurred!
[0.464s] See also "/home/yamashita/Robot_ws/build/CoordinateMsg/CMakeFiles/CMakeOutput.log".
[0.466s] Invoked command in '/home/yamashita/Robot_ws/build/CoordinateMsg' returned '1': CMAKE_PREFIX_PATH=${CMAKE_PREFIX_PATH}:/home/yamashita/Robot_ws/install/bezier_root:/home/yamashita/LegControll/install/test_controll:/home/yamashita/LegControll/install/monitor_node:/home/yamashita/LegControll/install/monitor:/home/yamashita/auto_robot_2024/install/controll_robot:/opt/ros/humble /usr/bin/cmake /home/yamashita/Robot_ws/src/CoordinateMsg -DCMAKE_INSTALL_PREFIX=/home/yamashita/Robot_ws/install/CoordinateMsg
