running egg_info
creating ../../build/bezier_root/bezier_root.egg-info
writing ../../build/bezier_root/bezier_root.egg-info/PKG-INFO
writing dependency_links to ../../build/bezier_root/bezier_root.egg-info/dependency_links.txt
writing entry points to ../../build/bezier_root/bezier_root.egg-info/entry_points.txt
writing requirements to ../../build/bezier_root/bezier_root.egg-info/requires.txt
writing top-level names to ../../build/bezier_root/bezier_root.egg-info/top_level.txt
writing manifest file '../../build/bezier_root/bezier_root.egg-info/SOURCES.txt'
reading manifest file '../../build/bezier_root/bezier_root.egg-info/SOURCES.txt'
writing manifest file '../../build/bezier_root/bezier_root.egg-info/SOURCES.txt'
running build
running build_py
creating /home/yamashita/Robot_ws/build/bezier_root/build
creating /home/yamashita/Robot_ws/build/bezier_root/build/lib
creating /home/yamashita/Robot_ws/build/bezier_root/build/lib/bezier_root
copying bezier_root/bezier.py -> /home/yamashita/Robot_ws/build/bezier_root/build/lib/bezier_root
copying bezier_root/__init__.py -> /home/yamashita/Robot_ws/build/bezier_root/build/lib/bezier_root
running install
running install_lib
creating /home/yamashita/Robot_ws/install/bezier_root/lib/python3.10/site-packages/bezier_root
copying /home/yamashita/Robot_ws/build/bezier_root/build/lib/bezier_root/bezier.py -> /home/yamashita/Robot_ws/install/bezier_root/lib/python3.10/site-packages/bezier_root
copying /home/yamashita/Robot_ws/build/bezier_root/build/lib/bezier_root/__init__.py -> /home/yamashita/Robot_ws/install/bezier_root/lib/python3.10/site-packages/bezier_root
byte-compiling /home/yamashita/Robot_ws/install/bezier_root/lib/python3.10/site-packages/bezier_root/bezier.py to bezier.cpython-310.pyc
byte-compiling /home/yamashita/Robot_ws/install/bezier_root/lib/python3.10/site-packages/bezier_root/__init__.py to __init__.cpython-310.pyc
running install_data
creating /home/yamashita/Robot_ws/install/bezier_root/share/ament_index
creating /home/yamashita/Robot_ws/install/bezier_root/share/ament_index/resource_index
creating /home/yamashita/Robot_ws/install/bezier_root/share/ament_index/resource_index/packages
copying resource/bezier_root -> /home/yamashita/Robot_ws/install/bezier_root/share/ament_index/resource_index/packages
copying package.xml -> /home/yamashita/Robot_ws/install/bezier_root/share/bezier_root
running install_egg_info
Copying ../../build/bezier_root/bezier_root.egg-info to /home/yamashita/Robot_ws/install/bezier_root/lib/python3.10/site-packages/bezier_root-0.0.0-py3.10.egg-info
running install_scripts
writing list of installed files to '/home/yamashita/Robot_ws/build/bezier_root/install.log'
