[0.702s] Invoking command in '/home/yamashita/Robot_ws/src/bezier_root': PYTHONPATH=/home/yamashita/Robot_ws/build/bezier_root/prefix_override:/home/yamashita/Robot_ws/install/bezier_root/lib/python3.10/site-packages:${PYTHONPATH} /usr/bin/python3 setup.py egg_info --egg-base ../../build/bezier_root build --build-base /home/yamashita/Robot_ws/build/bezier_root/build install --record /home/yamashita/Robot_ws/build/bezier_root/install.log --single-version-externally-managed
[0.868s] running egg_info
[0.868s] creating ../../build/bezier_root/bezier_root.egg-info
[0.868s] writing ../../build/bezier_root/bezier_root.egg-info/PKG-INFO
[0.869s] writing dependency_links to ../../build/bezier_root/bezier_root.egg-info/dependency_links.txt
[0.869s] writing entry points to ../../build/bezier_root/bezier_root.egg-info/entry_points.txt
[0.869s] writing requirements to ../../build/bezier_root/bezier_root.egg-info/requires.txt
[0.869s] writing top-level names to ../../build/bezier_root/bezier_root.egg-info/top_level.txt
[0.869s] writing manifest file '../../build/bezier_root/bezier_root.egg-info/SOURCES.txt'
[0.870s] reading manifest file '../../build/bezier_root/bezier_root.egg-info/SOURCES.txt'
[0.871s] writing manifest file '../../build/bezier_root/bezier_root.egg-info/SOURCES.txt'
[0.871s] running build
[0.871s] running build_py
[0.872s] creating /home/yamashita/Robot_ws/build/bezier_root/build
[0.872s] creating /home/yamashita/Robot_ws/build/bezier_root/build/lib
[0.872s] creating /home/yamashita/Robot_ws/build/bezier_root/build/lib/bezier_root
[0.872s] copying bezier_root/bezier.py -> /home/yamashita/Robot_ws/build/bezier_root/build/lib/bezier_root
[0.872s] copying bezier_root/__init__.py -> /home/yamashita/Robot_ws/build/bezier_root/build/lib/bezier_root
[0.872s] running install
[0.873s] running install_lib
[0.873s] creating /home/yamashita/Robot_ws/install/bezier_root/lib/python3.10/site-packages/bezier_root
[0.874s] copying /home/yamashita/Robot_ws/build/bezier_root/build/lib/bezier_root/bezier.py -> /home/yamashita/Robot_ws/install/bezier_root/lib/python3.10/site-packages/bezier_root
[0.874s] copying /home/yamashita/Robot_ws/build/bezier_root/build/lib/bezier_root/__init__.py -> /home/yamashita/Robot_ws/install/bezier_root/lib/python3.10/site-packages/bezier_root
[0.874s] byte-compiling /home/yamashita/Robot_ws/install/bezier_root/lib/python3.10/site-packages/bezier_root/bezier.py to bezier.cpython-310.pyc
[0.875s] byte-compiling /home/yamashita/Robot_ws/install/bezier_root/lib/python3.10/site-packages/bezier_root/__init__.py to __init__.cpython-310.pyc
[0.875s] running install_data
[0.876s] creating /home/yamashita/Robot_ws/install/bezier_root/share/ament_index
[0.876s] creating /home/yamashita/Robot_ws/install/bezier_root/share/ament_index/resource_index
[0.876s] creating /home/yamashita/Robot_ws/install/bezier_root/share/ament_index/resource_index/packages
[0.876s] copying resource/bezier_root -> /home/yamashita/Robot_ws/install/bezier_root/share/ament_index/resource_index/packages
[0.876s] copying package.xml -> /home/yamashita/Robot_ws/install/bezier_root/share/bezier_root
[0.876s] running install_egg_info
[0.877s] Copying ../../build/bezier_root/bezier_root.egg-info to /home/yamashita/Robot_ws/install/bezier_root/lib/python3.10/site-packages/bezier_root-0.0.0-py3.10.egg-info
[0.877s] running install_scripts
[0.890s] writing list of installed files to '/home/yamashita/Robot_ws/build/bezier_root/install.log'
[0.906s] Invoked command in '/home/yamashita/Robot_ws/src/bezier_root' returned '0': PYTHONPATH=/home/yamashita/Robot_ws/build/bezier_root/prefix_override:/home/yamashita/Robot_ws/install/bezier_root/lib/python3.10/site-packages:${PYTHONPATH} /usr/bin/python3 setup.py egg_info --egg-base ../../build/bezier_root build --build-base /home/yamashita/Robot_ws/build/bezier_root/build install --record /home/yamashita/Robot_ws/build/bezier_root/install.log --single-version-externally-managed
