[0.257s] Invoking command in '/home/yamashita/Robot_ws/build/coordinate_msg': CMAKE_PREFIX_PATH=${CMAKE_PREFIX_PATH}:/home/yamashita/Robot_ws/install/bezier_root:/home/yamashita/LegControll/install/test_controll:/home/yamashita/LegControll/install/monitor_node:/home/yamashita/LegControll/install/monitor:/home/yamashita/auto_robot_2024/install/controll_robot:/opt/ros/humble /usr/bin/cmake /home/yamashita/Robot_ws/src/coordinate_msg -DCMAKE_INSTALL_PREFIX=/home/yamashita/Robot_ws/install/coordinate_msg
[0.382s] -- The C compiler identification is GNU 11.4.0
[0.684s] -- The CXX compiler identification is GNU 11.4.0
[0.891s] -- Detecting C compiler ABI info
[1.113s] -- Detecting C compiler ABI info - done
[1.117s] -- Check for working C compiler: /usr/bin/cc - skipped
[1.117s] -- Detecting C compile features
[1.117s] -- Detecting C compile features - done
[1.119s] -- Detecting CXX compiler ABI info
[1.287s] -- Detecting CXX compiler ABI info - done
[1.291s] -- Check for working CXX compiler: /usr/bin/c++ - skipped
[1.291s] -- Detecting CXX compile features
[1.292s] -- Detecting CXX compile features - done
[1.293s] -- Found ament_cmake: 1.3.8 (/opt/ros/humble/share/ament_cmake/cmake)
[1.389s] -- Found Python3: /usr/bin/python3 (found version "3.10.12") found components: Interpreter 
[1.443s] -- Found rosidl_default_generators: 1.2.0 (/opt/ros/humble/share/rosidl_default_generators/cmake)
[1.445s] -- Using all available rosidl_typesupport_c: rosidl_typesupport_fastrtps_c;rosidl_typesupport_introspection_c
[1.450s] -- Found rosidl_adapter: 3.1.5 (/opt/ros/humble/share/rosidl_adapter/cmake)
[1.624s] -- Using all available rosidl_typesupport_cpp: rosidl_typesupport_fastrtps_cpp;rosidl_typesupport_introspection_cpp
[1.867s] -- Found ament_cmake_ros: 0.10.0 (/opt/ros/humble/share/ament_cmake_ros/cmake)
[2.005s] -- Using all available rosidl_typesupport_c: rosidl_typesupport_fastrtps_c;rosidl_typesupport_introspection_c
[2.158s] -- Using all available rosidl_typesupport_cpp: rosidl_typesupport_fastrtps_cpp;rosidl_typesupport_introspection_cpp
[2.216s] -- Found PythonInterp: /usr/bin/python3 (found suitable version "3.10.12", minimum required is "3.6") 
[2.218s] -- Found python_cmake_module: 0.10.0 (/opt/ros/humble/share/python_cmake_module/cmake)
[2.536s] -- Found PythonLibs: /usr/lib/x86_64-linux-gnu/libpython3.10.so (found suitable version "3.10.12", minimum required is "3.5") 
[2.536s] -- Using PYTHON_EXECUTABLE: /usr/bin/python3
[2.536s] -- Using PYTHON_INCLUDE_DIRS: /usr/include/python3.10
[2.536s] -- Using PYTHON_LIBRARIES: /usr/lib/x86_64-linux-gnu/libpython3.10.so
[2.550s] -- Found PythonExtra: .so  
[2.599s] -- Found ament_lint_auto: 0.12.10 (/opt/ros/humble/share/ament_lint_auto/cmake)
[2.623s] -- Added test 'lint_cmake' to check CMake code style
[2.624s] -- Added test 'xmllint' to check XML markup files
[2.627s] -- Configuring done
[2.644s] -- Generating done
[2.646s] -- Build files have been written to: /home/yamashita/Robot_ws/build/coordinate_msg
[2.651s] Invoked command in '/home/yamashita/Robot_ws/build/coordinate_msg' returned '0': CMAKE_PREFIX_PATH=${CMAKE_PREFIX_PATH}:/home/yamashita/Robot_ws/install/bezier_root:/home/yamashita/LegControll/install/test_controll:/home/yamashita/LegControll/install/monitor_node:/home/yamashita/LegControll/install/monitor:/home/yamashita/auto_robot_2024/install/controll_robot:/opt/ros/humble /usr/bin/cmake /home/yamashita/Robot_ws/src/coordinate_msg -DCMAKE_INSTALL_PREFIX=/home/yamashita/Robot_ws/install/coordinate_msg
[2.651s] Invoking command in '/home/yamashita/Robot_ws/build/coordinate_msg': CMAKE_PREFIX_PATH=${CMAKE_PREFIX_PATH}:/home/yamashita/Robot_ws/install/bezier_root:/home/yamashita/LegControll/install/test_controll:/home/yamashita/LegControll/install/monitor_node:/home/yamashita/LegControll/install/monitor:/home/yamashita/auto_robot_2024/install/controll_robot:/opt/ros/humble /usr/bin/cmake --build /home/yamashita/Robot_ws/build/coordinate_msg -- -j12 -l12
[2.674s] [  3%] [34m[1mGenerating C code for ROS interfaces[0m
[2.679s] [  6%] [34m[1mGenerating C++ code for ROS interfaces[0m
[2.689s] [  6%] Built target ament_cmake_python_copy_coordinate_msg
[2.850s] running egg_info
[2.850s] creating coordinate_msg.egg-info
[2.850s] writing coordinate_msg.egg-info/PKG-INFO
[2.851s] writing dependency_links to coordinate_msg.egg-info/dependency_links.txt
[2.851s] writing top-level names to coordinate_msg.egg-info/top_level.txt
[2.851s] writing manifest file 'coordinate_msg.egg-info/SOURCES.txt'
[2.852s] reading manifest file 'coordinate_msg.egg-info/SOURCES.txt'
[2.852s] writing manifest file 'coordinate_msg.egg-info/SOURCES.txt'
[2.874s] [  6%] Built target ament_cmake_python_build_coordinate_msg_egg
[2.881s] [  6%] Built target coordinate_msg__cpp
[2.887s] [  9%] [34m[1mGenerating C++ type support dispatch for ROS interfaces[0m
[2.888s] [ 12%] [34m[1mGenerating C++ introspection for ROS interfaces[0m
[2.889s] [ 16%] [34m[1mGenerating C++ type support for eProsima Fast-RTPS[0m
[2.892s] [ 19%] [32mBuilding C object CMakeFiles/coordinate_msg__rosidl_generator_c.dir/rosidl_generator_c/coordinate_msg/msg/detail/coordinate__functions.c.o[0m
[2.980s] [ 22%] [32m[1mLinking C shared library libcoordinate_msg__rosidl_generator_c.so[0m
[3.061s] [ 25%] [32mBuilding CXX object CMakeFiles/coordinate_msg__rosidl_typesupport_cpp.dir/rosidl_typesupport_cpp/coordinate_msg/msg/coordinate__type_support.cpp.o[0m
[3.065s] [ 29%] [32mBuilding CXX object CMakeFiles/coordinate_msg__rosidl_typesupport_fastrtps_cpp.dir/rosidl_typesupport_fastrtps_cpp/coordinate_msg/msg/detail/dds_fastrtps/coordinate__type_support.cpp.o[0m
[3.065s] [ 32%] [32mBuilding CXX object CMakeFiles/coordinate_msg__rosidl_typesupport_introspection_cpp.dir/rosidl_typesupport_introspection_cpp/coordinate_msg/msg/detail/coordinate__type_support.cpp.o[0m
[3.093s] [ 32%] Built target coordinate_msg__rosidl_generator_c
[3.100s] [ 35%] [34m[1mGenerating C introspection for ROS interfaces[0m
[3.101s] [ 38%] [34m[1mGenerating C type support dispatch for ROS interfaces[0m
[3.101s] [ 41%] [34m[1mGenerating C type support for eProsima Fast-RTPS[0m
[3.270s] [ 45%] [32mBuilding CXX object CMakeFiles/coordinate_msg__rosidl_typesupport_c.dir/rosidl_typesupport_c/coordinate_msg/msg/coordinate__type_support.cpp.o[0m
[3.304s] [ 48%] [32m[1mLinking CXX shared library libcoordinate_msg__rosidl_typesupport_c.so[0m
[3.316s] [ 51%] [32mBuilding CXX object CMakeFiles/coordinate_msg__rosidl_typesupport_fastrtps_c.dir/rosidl_typesupport_fastrtps_c/coordinate_msg/msg/detail/coordinate__type_support_c.cpp.o[0m
[3.323s] [ 54%] [32mBuilding C object CMakeFiles/coordinate_msg__rosidl_typesupport_introspection_c.dir/rosidl_typesupport_introspection_c/coordinate_msg/msg/detail/coordinate__type_support.c.o[0m
[3.352s] [ 58%] [32m[1mLinking C shared library libcoordinate_msg__rosidl_typesupport_introspection_c.so[0m
[3.355s] [ 61%] [32m[1mLinking CXX shared library libcoordinate_msg__rosidl_typesupport_cpp.so[0m
[3.416s] [ 61%] Built target coordinate_msg__rosidl_typesupport_c
[3.430s] [ 61%] Built target coordinate_msg__rosidl_typesupport_introspection_c
[3.442s] [ 61%] Built target coordinate_msg__rosidl_typesupport_cpp
[3.476s] [ 64%] [32m[1mLinking CXX shared library libcoordinate_msg__rosidl_typesupport_fastrtps_cpp.so[0m
[3.480s] [ 67%] [32m[1mLinking CXX shared library libcoordinate_msg__rosidl_typesupport_introspection_cpp.so[0m
[3.547s] [ 70%] [32m[1mLinking CXX shared library libcoordinate_msg__rosidl_typesupport_fastrtps_c.so[0m
[3.579s] [ 70%] Built target coordinate_msg__rosidl_typesupport_introspection_cpp
[3.601s] [ 70%] Built target coordinate_msg__rosidl_typesupport_fastrtps_cpp
[3.685s] [ 70%] Built target coordinate_msg__rosidl_typesupport_fastrtps_c
[3.696s] [ 70%] Built target coordinate_msg
[3.706s] [ 74%] [34m[1mGenerating Python code for ROS interfaces[0m
[3.876s] [ 74%] Built target coordinate_msg__py
[3.888s] [ 77%] [32mBuilding C object CMakeFiles/coordinate_msg__rosidl_generator_py.dir/rosidl_generator_py/coordinate_msg/msg/_coordinate_s.c.o[0m
[3.993s] [ 80%] [32m[1mLinking C shared library rosidl_generator_py/coordinate_msg/libcoordinate_msg__rosidl_generator_py.so[0m
[4.091s] [ 80%] Built target coordinate_msg__rosidl_generator_py
[4.104s] [ 83%] [32mBuilding C object CMakeFiles/coordinate_msg__rosidl_typesupport_fastrtps_c__pyext.dir/rosidl_generator_py/coordinate_msg/_coordinate_msg_s.ep.rosidl_typesupport_fastrtps_c.c.o[0m
[4.104s] [ 87%] [32mBuilding C object CMakeFiles/coordinate_msg__rosidl_typesupport_introspection_c__pyext.dir/rosidl_generator_py/coordinate_msg/_coordinate_msg_s.ep.rosidl_typesupport_introspection_c.c.o[0m
[4.105s] [ 90%] [32mBuilding C object CMakeFiles/coordinate_msg__rosidl_typesupport_c__pyext.dir/rosidl_generator_py/coordinate_msg/_coordinate_msg_s.ep.rosidl_typesupport_c.c.o[0m
[4.158s] [ 93%] [32m[1mLinking C shared library rosidl_generator_py/coordinate_msg/coordinate_msg_s__rosidl_typesupport_c.cpython-310-x86_64-linux-gnu.so[0m
[4.169s] [ 96%] [32m[1mLinking C shared library rosidl_generator_py/coordinate_msg/coordinate_msg_s__rosidl_typesupport_introspection_c.cpython-310-x86_64-linux-gnu.so[0m
[4.170s] [100%] [32m[1mLinking C shared library rosidl_generator_py/coordinate_msg/coordinate_msg_s__rosidl_typesupport_fastrtps_c.cpython-310-x86_64-linux-gnu.so[0m
[4.231s] [100%] Built target coordinate_msg__rosidl_typesupport_fastrtps_c__pyext
[4.231s] [100%] Built target coordinate_msg__rosidl_typesupport_introspection_c__pyext
[4.236s] [100%] Built target coordinate_msg__rosidl_typesupport_c__pyext
[4.242s] Invoked command in '/home/yamashita/Robot_ws/build/coordinate_msg' returned '0': CMAKE_PREFIX_PATH=${CMAKE_PREFIX_PATH}:/home/yamashita/Robot_ws/install/bezier_root:/home/yamashita/LegControll/install/test_controll:/home/yamashita/LegControll/install/monitor_node:/home/yamashita/LegControll/install/monitor:/home/yamashita/auto_robot_2024/install/controll_robot:/opt/ros/humble /usr/bin/cmake --build /home/yamashita/Robot_ws/build/coordinate_msg -- -j12 -l12
[4.283s] Invoking command in '/home/yamashita/Robot_ws/build/coordinate_msg': CMAKE_PREFIX_PATH=${CMAKE_PREFIX_PATH}:/home/yamashita/Robot_ws/install/bezier_root:/home/yamashita/LegControll/install/test_controll:/home/yamashita/LegControll/install/monitor_node:/home/yamashita/LegControll/install/monitor:/home/yamashita/auto_robot_2024/install/controll_robot:/opt/ros/humble /usr/bin/cmake --install /home/yamashita/Robot_ws/build/coordinate_msg
[4.289s] -- Install configuration: ""
[4.289s] -- Installing: /home/yamashita/Robot_ws/install/coordinate_msg/share/ament_index/resource_index/rosidl_interfaces/coordinate_msg
[4.289s] -- Installing: /home/yamashita/Robot_ws/install/coordinate_msg/include/coordinate_msg/coordinate_msg
[4.289s] -- Installing: /home/yamashita/Robot_ws/install/coordinate_msg/include/coordinate_msg/coordinate_msg/msg
[4.289s] -- Installing: /home/yamashita/Robot_ws/install/coordinate_msg/include/coordinate_msg/coordinate_msg/msg/rosidl_generator_c__visibility_control.h
[4.289s] -- Installing: /home/yamashita/Robot_ws/install/coordinate_msg/include/coordinate_msg/coordinate_msg/msg/detail
[4.289s] -- Installing: /home/yamashita/Robot_ws/install/coordinate_msg/include/coordinate_msg/coordinate_msg/msg/detail/coordinate__struct.h
[4.290s] -- Installing: /home/yamashita/Robot_ws/install/coordinate_msg/include/coordinate_msg/coordinate_msg/msg/detail/coordinate__type_support.h
[4.290s] -- Installing: /home/yamashita/Robot_ws/install/coordinate_msg/include/coordinate_msg/coordinate_msg/msg/detail/coordinate__functions.h
[4.290s] -- Installing: /home/yamashita/Robot_ws/install/coordinate_msg/include/coordinate_msg/coordinate_msg/msg/detail/coordinate__functions.c
[4.290s] -- Installing: /home/yamashita/Robot_ws/install/coordinate_msg/include/coordinate_msg/coordinate_msg/msg/coordinate.h
[4.290s] -- Installing: /home/yamashita/Robot_ws/install/coordinate_msg/share/coordinate_msg/environment/library_path.sh
[4.290s] -- Installing: /home/yamashita/Robot_ws/install/coordinate_msg/share/coordinate_msg/environment/library_path.dsv
[4.290s] -- Installing: /home/yamashita/Robot_ws/install/coordinate_msg/lib/libcoordinate_msg__rosidl_generator_c.so
[4.291s] -- Set runtime path of "/home/yamashita/Robot_ws/install/coordinate_msg/lib/libcoordinate_msg__rosidl_generator_c.so" to ""
[4.291s] -- Up-to-date: /home/yamashita/Robot_ws/install/coordinate_msg/include/coordinate_msg/coordinate_msg
[4.291s] -- Up-to-date: /home/yamashita/Robot_ws/install/coordinate_msg/include/coordinate_msg/coordinate_msg/msg
[4.291s] -- Installing: /home/yamashita/Robot_ws/install/coordinate_msg/include/coordinate_msg/coordinate_msg/msg/rosidl_typesupport_fastrtps_c__visibility_control.h
[4.291s] -- Up-to-date: /home/yamashita/Robot_ws/install/coordinate_msg/include/coordinate_msg/coordinate_msg/msg/detail
[4.291s] -- Installing: /home/yamashita/Robot_ws/install/coordinate_msg/include/coordinate_msg/coordinate_msg/msg/detail/coordinate__rosidl_typesupport_fastrtps_c.h
[4.291s] -- Installing: /home/yamashita/Robot_ws/install/coordinate_msg/lib/libcoordinate_msg__rosidl_typesupport_fastrtps_c.so
[4.292s] -- Set runtime path of "/home/yamashita/Robot_ws/install/coordinate_msg/lib/libcoordinate_msg__rosidl_typesupport_fastrtps_c.so" to ""
[4.292s] -- Up-to-date: /home/yamashita/Robot_ws/install/coordinate_msg/include/coordinate_msg/coordinate_msg
[4.292s] -- Up-to-date: /home/yamashita/Robot_ws/install/coordinate_msg/include/coordinate_msg/coordinate_msg/msg
[4.292s] -- Installing: /home/yamashita/Robot_ws/install/coordinate_msg/include/coordinate_msg/coordinate_msg/msg/rosidl_typesupport_introspection_c__visibility_control.h
[4.292s] -- Up-to-date: /home/yamashita/Robot_ws/install/coordinate_msg/include/coordinate_msg/coordinate_msg/msg/detail
[4.292s] -- Installing: /home/yamashita/Robot_ws/install/coordinate_msg/include/coordinate_msg/coordinate_msg/msg/detail/coordinate__type_support.c
[4.292s] -- Installing: /home/yamashita/Robot_ws/install/coordinate_msg/include/coordinate_msg/coordinate_msg/msg/detail/coordinate__rosidl_typesupport_introspection_c.h
[4.292s] -- Installing: /home/yamashita/Robot_ws/install/coordinate_msg/lib/libcoordinate_msg__rosidl_typesupport_introspection_c.so
[4.292s] -- Set runtime path of "/home/yamashita/Robot_ws/install/coordinate_msg/lib/libcoordinate_msg__rosidl_typesupport_introspection_c.so" to ""
[4.292s] -- Installing: /home/yamashita/Robot_ws/install/coordinate_msg/lib/libcoordinate_msg__rosidl_typesupport_c.so
[4.293s] -- Set runtime path of "/home/yamashita/Robot_ws/install/coordinate_msg/lib/libcoordinate_msg__rosidl_typesupport_c.so" to ""
[4.293s] -- Up-to-date: /home/yamashita/Robot_ws/install/coordinate_msg/include/coordinate_msg/coordinate_msg
[4.293s] -- Up-to-date: /home/yamashita/Robot_ws/install/coordinate_msg/include/coordinate_msg/coordinate_msg/msg
[4.293s] -- Up-to-date: /home/yamashita/Robot_ws/install/coordinate_msg/include/coordinate_msg/coordinate_msg/msg/detail
[4.293s] -- Installing: /home/yamashita/Robot_ws/install/coordinate_msg/include/coordinate_msg/coordinate_msg/msg/detail/coordinate__struct.hpp
[4.293s] -- Installing: /home/yamashita/Robot_ws/install/coordinate_msg/include/coordinate_msg/coordinate_msg/msg/detail/coordinate__builder.hpp
[4.293s] -- Installing: /home/yamashita/Robot_ws/install/coordinate_msg/include/coordinate_msg/coordinate_msg/msg/detail/coordinate__traits.hpp
[4.293s] -- Installing: /home/yamashita/Robot_ws/install/coordinate_msg/include/coordinate_msg/coordinate_msg/msg/coordinate.hpp
[4.293s] -- Up-to-date: /home/yamashita/Robot_ws/install/coordinate_msg/include/coordinate_msg/coordinate_msg
[4.293s] -- Up-to-date: /home/yamashita/Robot_ws/install/coordinate_msg/include/coordinate_msg/coordinate_msg/msg
[4.293s] -- Installing: /home/yamashita/Robot_ws/install/coordinate_msg/include/coordinate_msg/coordinate_msg/msg/rosidl_typesupport_fastrtps_cpp__visibility_control.h
[4.294s] -- Up-to-date: /home/yamashita/Robot_ws/install/coordinate_msg/include/coordinate_msg/coordinate_msg/msg/detail
[4.294s] -- Installing: /home/yamashita/Robot_ws/install/coordinate_msg/include/coordinate_msg/coordinate_msg/msg/detail/coordinate__rosidl_typesupport_fastrtps_cpp.hpp
[4.294s] -- Installing: /home/yamashita/Robot_ws/install/coordinate_msg/include/coordinate_msg/coordinate_msg/msg/detail/dds_fastrtps
[4.294s] -- Installing: /home/yamashita/Robot_ws/install/coordinate_msg/lib/libcoordinate_msg__rosidl_typesupport_fastrtps_cpp.so
[4.294s] -- Set runtime path of "/home/yamashita/Robot_ws/install/coordinate_msg/lib/libcoordinate_msg__rosidl_typesupport_fastrtps_cpp.so" to ""
[4.294s] -- Up-to-date: /home/yamashita/Robot_ws/install/coordinate_msg/include/coordinate_msg/coordinate_msg
[4.294s] -- Up-to-date: /home/yamashita/Robot_ws/install/coordinate_msg/include/coordinate_msg/coordinate_msg/msg
[4.294s] -- Up-to-date: /home/yamashita/Robot_ws/install/coordinate_msg/include/coordinate_msg/coordinate_msg/msg/detail
[4.294s] -- Installing: /home/yamashita/Robot_ws/install/coordinate_msg/include/coordinate_msg/coordinate_msg/msg/detail/coordinate__type_support.cpp
[4.294s] -- Installing: /home/yamashita/Robot_ws/install/coordinate_msg/include/coordinate_msg/coordinate_msg/msg/detail/coordinate__rosidl_typesupport_introspection_cpp.hpp
[4.294s] -- Installing: /home/yamashita/Robot_ws/install/coordinate_msg/lib/libcoordinate_msg__rosidl_typesupport_introspection_cpp.so
[4.294s] -- Set runtime path of "/home/yamashita/Robot_ws/install/coordinate_msg/lib/libcoordinate_msg__rosidl_typesupport_introspection_cpp.so" to ""
[4.294s] -- Installing: /home/yamashita/Robot_ws/install/coordinate_msg/lib/libcoordinate_msg__rosidl_typesupport_cpp.so
[4.294s] -- Set runtime path of "/home/yamashita/Robot_ws/install/coordinate_msg/lib/libcoordinate_msg__rosidl_typesupport_cpp.so" to ""
[4.294s] -- Installing: /home/yamashita/Robot_ws/install/coordinate_msg/share/coordinate_msg/environment/pythonpath.sh
[4.294s] -- Installing: /home/yamashita/Robot_ws/install/coordinate_msg/share/coordinate_msg/environment/pythonpath.dsv
[4.295s] -- Installing: /home/yamashita/Robot_ws/install/coordinate_msg/local/lib/python3.10/dist-packages/coordinate_msg-0.0.0-py3.10.egg-info
[4.295s] -- Installing: /home/yamashita/Robot_ws/install/coordinate_msg/local/lib/python3.10/dist-packages/coordinate_msg-0.0.0-py3.10.egg-info/PKG-INFO
[4.295s] -- Installing: /home/yamashita/Robot_ws/install/coordinate_msg/local/lib/python3.10/dist-packages/coordinate_msg-0.0.0-py3.10.egg-info/top_level.txt
[4.295s] -- Installing: /home/yamashita/Robot_ws/install/coordinate_msg/local/lib/python3.10/dist-packages/coordinate_msg-0.0.0-py3.10.egg-info/SOURCES.txt
[4.295s] -- Installing: /home/yamashita/Robot_ws/install/coordinate_msg/local/lib/python3.10/dist-packages/coordinate_msg-0.0.0-py3.10.egg-info/dependency_links.txt
[4.295s] -- Installing: /home/yamashita/Robot_ws/install/coordinate_msg/local/lib/python3.10/dist-packages/coordinate_msg
[4.295s] -- Installing: /home/yamashita/Robot_ws/install/coordinate_msg/local/lib/python3.10/dist-packages/coordinate_msg/_coordinate_msg_s.ep.rosidl_typesupport_c.c
[4.295s] -- Installing: /home/yamashita/Robot_ws/install/coordinate_msg/local/lib/python3.10/dist-packages/coordinate_msg/coordinate_msg_s__rosidl_typesupport_c.cpython-310-x86_64-linux-gnu.so
[4.295s] -- Installing: /home/yamashita/Robot_ws/install/coordinate_msg/local/lib/python3.10/dist-packages/coordinate_msg/coordinate_msg_s__rosidl_typesupport_fastrtps_c.cpython-310-x86_64-linux-gnu.so
[4.295s] -- Installing: /home/yamashita/Robot_ws/install/coordinate_msg/local/lib/python3.10/dist-packages/coordinate_msg/libcoordinate_msg__rosidl_generator_py.so
[4.295s] -- Installing: /home/yamashita/Robot_ws/install/coordinate_msg/local/lib/python3.10/dist-packages/coordinate_msg/_coordinate_msg_s.ep.rosidl_typesupport_fastrtps_c.c
[4.295s] -- Installing: /home/yamashita/Robot_ws/install/coordinate_msg/local/lib/python3.10/dist-packages/coordinate_msg/__init__.py
[4.295s] -- Installing: /home/yamashita/Robot_ws/install/coordinate_msg/local/lib/python3.10/dist-packages/coordinate_msg/msg
[4.295s] -- Installing: /home/yamashita/Robot_ws/install/coordinate_msg/local/lib/python3.10/dist-packages/coordinate_msg/msg/_coordinate.py
[4.295s] -- Installing: /home/yamashita/Robot_ws/install/coordinate_msg/local/lib/python3.10/dist-packages/coordinate_msg/msg/_coordinate_s.c
[4.295s] -- Installing: /home/yamashita/Robot_ws/install/coordinate_msg/local/lib/python3.10/dist-packages/coordinate_msg/msg/__init__.py
[4.295s] -- Installing: /home/yamashita/Robot_ws/install/coordinate_msg/local/lib/python3.10/dist-packages/coordinate_msg/coordinate_msg_s__rosidl_typesupport_introspection_c.cpython-310-x86_64-linux-gnu.so
[4.295s] -- Installing: /home/yamashita/Robot_ws/install/coordinate_msg/local/lib/python3.10/dist-packages/coordinate_msg/_coordinate_msg_s.ep.rosidl_typesupport_introspection_c.c
[4.318s] Listing '/home/yamashita/Robot_ws/install/coordinate_msg/local/lib/python3.10/dist-packages/coordinate_msg'...
[4.318s] Compiling '/home/yamashita/Robot_ws/install/coordinate_msg/local/lib/python3.10/dist-packages/coordinate_msg/__init__.py'...
[4.318s] Listing '/home/yamashita/Robot_ws/install/coordinate_msg/local/lib/python3.10/dist-packages/coordinate_msg/msg'...
[4.318s] Compiling '/home/yamashita/Robot_ws/install/coordinate_msg/local/lib/python3.10/dist-packages/coordinate_msg/msg/__init__.py'...
[4.318s] Compiling '/home/yamashita/Robot_ws/install/coordinate_msg/local/lib/python3.10/dist-packages/coordinate_msg/msg/_coordinate.py'...
[4.320s] -- Installing: /home/yamashita/Robot_ws/install/coordinate_msg/local/lib/python3.10/dist-packages/coordinate_msg/coordinate_msg_s__rosidl_typesupport_fastrtps_c.cpython-310-x86_64-linux-gnu.so
[4.321s] -- Set runtime path of "/home/yamashita/Robot_ws/install/coordinate_msg/local/lib/python3.10/dist-packages/coordinate_msg/coordinate_msg_s__rosidl_typesupport_fastrtps_c.cpython-310-x86_64-linux-gnu.so" to ""
[4.321s] -- Installing: /home/yamashita/Robot_ws/install/coordinate_msg/local/lib/python3.10/dist-packages/coordinate_msg/coordinate_msg_s__rosidl_typesupport_introspection_c.cpython-310-x86_64-linux-gnu.so
[4.321s] -- Set runtime path of "/home/yamashita/Robot_ws/install/coordinate_msg/local/lib/python3.10/dist-packages/coordinate_msg/coordinate_msg_s__rosidl_typesupport_introspection_c.cpython-310-x86_64-linux-gnu.so" to ""
[4.321s] -- Installing: /home/yamashita/Robot_ws/install/coordinate_msg/local/lib/python3.10/dist-packages/coordinate_msg/coordinate_msg_s__rosidl_typesupport_c.cpython-310-x86_64-linux-gnu.so
[4.321s] -- Set runtime path of "/home/yamashita/Robot_ws/install/coordinate_msg/local/lib/python3.10/dist-packages/coordinate_msg/coordinate_msg_s__rosidl_typesupport_c.cpython-310-x86_64-linux-gnu.so" to ""
[4.321s] -- Installing: /home/yamashita/Robot_ws/install/coordinate_msg/lib/libcoordinate_msg__rosidl_generator_py.so
[4.321s] -- Set runtime path of "/home/yamashita/Robot_ws/install/coordinate_msg/lib/libcoordinate_msg__rosidl_generator_py.so" to ""
[4.322s] -- Installing: /home/yamashita/Robot_ws/install/coordinate_msg/share/coordinate_msg/msg/Coordinate.idl
[4.322s] -- Installing: /home/yamashita/Robot_ws/install/coordinate_msg/share/coordinate_msg/msg/Coordinate.msg
[4.322s] -- Installing: /home/yamashita/Robot_ws/install/coordinate_msg/share/ament_index/resource_index/package_run_dependencies/coordinate_msg
[4.322s] -- Installing: /home/yamashita/Robot_ws/install/coordinate_msg/share/ament_index/resource_index/parent_prefix_path/coordinate_msg
[4.322s] -- Installing: /home/yamashita/Robot_ws/install/coordinate_msg/share/coordinate_msg/environment/ament_prefix_path.sh
[4.322s] -- Installing: /home/yamashita/Robot_ws/install/coordinate_msg/share/coordinate_msg/environment/ament_prefix_path.dsv
[4.322s] -- Installing: /home/yamashita/Robot_ws/install/coordinate_msg/share/coordinate_msg/environment/path.sh
[4.322s] -- Installing: /home/yamashita/Robot_ws/install/coordinate_msg/share/coordinate_msg/environment/path.dsv
[4.322s] -- Installing: /home/yamashita/Robot_ws/install/coordinate_msg/share/coordinate_msg/local_setup.bash
[4.322s] -- Installing: /home/yamashita/Robot_ws/install/coordinate_msg/share/coordinate_msg/local_setup.sh
[4.323s] -- Installing: /home/yamashita/Robot_ws/install/coordinate_msg/share/coordinate_msg/local_setup.zsh
[4.323s] -- Installing: /home/yamashita/Robot_ws/install/coordinate_msg/share/coordinate_msg/local_setup.dsv
[4.323s] -- Installing: /home/yamashita/Robot_ws/install/coordinate_msg/share/coordinate_msg/package.dsv
[4.323s] -- Installing: /home/yamashita/Robot_ws/install/coordinate_msg/share/ament_index/resource_index/packages/coordinate_msg
[4.323s] -- Installing: /home/yamashita/Robot_ws/install/coordinate_msg/share/coordinate_msg/cmake/export_coordinate_msg__rosidl_generator_cExport.cmake
[4.323s] -- Installing: /home/yamashita/Robot_ws/install/coordinate_msg/share/coordinate_msg/cmake/export_coordinate_msg__rosidl_generator_cExport-noconfig.cmake
[4.323s] -- Installing: /home/yamashita/Robot_ws/install/coordinate_msg/share/coordinate_msg/cmake/export_coordinate_msg__rosidl_typesupport_fastrtps_cExport.cmake
[4.323s] -- Installing: /home/yamashita/Robot_ws/install/coordinate_msg/share/coordinate_msg/cmake/export_coordinate_msg__rosidl_typesupport_fastrtps_cExport-noconfig.cmake
[4.323s] -- Installing: /home/yamashita/Robot_ws/install/coordinate_msg/share/coordinate_msg/cmake/coordinate_msg__rosidl_typesupport_introspection_cExport.cmake
[4.323s] -- Installing: /home/yamashita/Robot_ws/install/coordinate_msg/share/coordinate_msg/cmake/coordinate_msg__rosidl_typesupport_introspection_cExport-noconfig.cmake
[4.324s] -- Installing: /home/yamashita/Robot_ws/install/coordinate_msg/share/coordinate_msg/cmake/coordinate_msg__rosidl_typesupport_cExport.cmake
[4.324s] -- Installing: /home/yamashita/Robot_ws/install/coordinate_msg/share/coordinate_msg/cmake/coordinate_msg__rosidl_typesupport_cExport-noconfig.cmake
[4.324s] -- Installing: /home/yamashita/Robot_ws/install/coordinate_msg/share/coordinate_msg/cmake/export_coordinate_msg__rosidl_generator_cppExport.cmake
[4.324s] -- Installing: /home/yamashita/Robot_ws/install/coordinate_msg/share/coordinate_msg/cmake/export_coordinate_msg__rosidl_typesupport_fastrtps_cppExport.cmake
[4.324s] -- Installing: /home/yamashita/Robot_ws/install/coordinate_msg/share/coordinate_msg/cmake/export_coordinate_msg__rosidl_typesupport_fastrtps_cppExport-noconfig.cmake
[4.324s] -- Installing: /home/yamashita/Robot_ws/install/coordinate_msg/share/coordinate_msg/cmake/coordinate_msg__rosidl_typesupport_introspection_cppExport.cmake
[4.324s] -- Installing: /home/yamashita/Robot_ws/install/coordinate_msg/share/coordinate_msg/cmake/coordinate_msg__rosidl_typesupport_introspection_cppExport-noconfig.cmake
[4.324s] -- Installing: /home/yamashita/Robot_ws/install/coordinate_msg/share/coordinate_msg/cmake/coordinate_msg__rosidl_typesupport_cppExport.cmake
[4.324s] -- Installing: /home/yamashita/Robot_ws/install/coordinate_msg/share/coordinate_msg/cmake/coordinate_msg__rosidl_typesupport_cppExport-noconfig.cmake
[4.324s] -- Installing: /home/yamashita/Robot_ws/install/coordinate_msg/share/coordinate_msg/cmake/export_coordinate_msg__rosidl_generator_pyExport.cmake
[4.324s] -- Installing: /home/yamashita/Robot_ws/install/coordinate_msg/share/coordinate_msg/cmake/export_coordinate_msg__rosidl_generator_pyExport-noconfig.cmake
[4.324s] -- Installing: /home/yamashita/Robot_ws/install/coordinate_msg/share/coordinate_msg/cmake/rosidl_cmake-extras.cmake
[4.324s] -- Installing: /home/yamashita/Robot_ws/install/coordinate_msg/share/coordinate_msg/cmake/ament_cmake_export_include_directories-extras.cmake
[4.325s] -- Installing: /home/yamashita/Robot_ws/install/coordinate_msg/share/coordinate_msg/cmake/ament_cmake_export_libraries-extras.cmake
[4.325s] -- Installing: /home/yamashita/Robot_ws/install/coordinate_msg/share/coordinate_msg/cmake/ament_cmake_export_targets-extras.cmake
[4.325s] -- Installing: /home/yamashita/Robot_ws/install/coordinate_msg/share/coordinate_msg/cmake/rosidl_cmake_export_typesupport_targets-extras.cmake
[4.325s] -- Installing: /home/yamashita/Robot_ws/install/coordinate_msg/share/coordinate_msg/cmake/ament_cmake_export_dependencies-extras.cmake
[4.325s] -- Installing: /home/yamashita/Robot_ws/install/coordinate_msg/share/coordinate_msg/cmake/rosidl_cmake_export_typesupport_libraries-extras.cmake
[4.325s] -- Installing: /home/yamashita/Robot_ws/install/coordinate_msg/share/coordinate_msg/cmake/coordinate_msgConfig.cmake
[4.325s] -- Installing: /home/yamashita/Robot_ws/install/coordinate_msg/share/coordinate_msg/cmake/coordinate_msgConfig-version.cmake
[4.325s] -- Installing: /home/yamashita/Robot_ws/install/coordinate_msg/share/coordinate_msg/package.xml
[4.326s] Invoked command in '/home/yamashita/Robot_ws/build/coordinate_msg' returned '0': CMAKE_PREFIX_PATH=${CMAKE_PREFIX_PATH}:/home/yamashita/Robot_ws/install/bezier_root:/home/yamashita/LegControll/install/test_controll:/home/yamashita/LegControll/install/monitor_node:/home/yamashita/LegControll/install/monitor:/home/yamashita/auto_robot_2024/install/controll_robot:/opt/ros/humble /usr/bin/cmake --install /home/yamashita/Robot_ws/build/coordinate_msg
