[0.090s] Invoking command in '/home/yamashita/Robot_ws/build/CoordinateMsg': CMAKE_PREFIX_PATH=${CMAKE_PREFIX_PATH}:/home/yamashita/LegControll/install/test_controll:/home/yamashita/LegControll/install/monitor_node:/home/yamashita/LegControll/install/monitor:/home/yamashita/auto_robot_2024/install/controll_robot:/opt/ros/humble /usr/bin/cmake /home/yamashita/Robot_ws/src/CoordinateMsg -DCMAKE_INSTALL_PREFIX=/home/yamashita/Robot_ws/install/CoordinateMsg
[0.096s] -- Found ament_cmake: 1.3.8 (/opt/ros/humble/share/ament_cmake/cmake)
[0.183s] -- Found rosidl_default_generators: 1.2.0 (/opt/ros/humble/share/rosidl_default_generators/cmake)
[0.184s] -- Using all available rosidl_typesupport_c: rosidl_typesupport_fastrtps_c;rosidl_typesupport_introspection_c
[0.186s] -- Found rosidl_adapter: 3.1.5 (/opt/ros/humble/share/rosidl_adapter/cmake)
[0.260s] -- Using all available rosidl_typesupport_cpp: rosidl_typesupport_fastrtps_cpp;rosidl_typesupport_introspection_cpp
[0.388s] [31mCMake Error at /opt/ros/humble/share/rosidl_adapter/cmake/rosidl_adapt_interfaces.cmake:59 (message):
[0.389s]   execute_process(/usr/bin/python3 -m rosidl_adapter --package-name
[0.389s]   CoordinateMsg --arguments-file
[0.389s]   /home/yamashita/Robot_ws/build/CoordinateMsg/rosidl_adapter__arguments__CoordinateMsg.json
[0.389s]   --output-dir
[0.389s]   /home/yamashita/Robot_ws/build/CoordinateMsg/rosidl_adapter/CoordinateMsg
[0.389s]   --output-file
[0.389s]   /home/yamashita/Robot_ws/build/CoordinateMsg/rosidl_adapter/CoordinateMsg.idls)
[0.389s]   returned error code 1:
[0.389s] 
[0.389s]   Error processing 'float64 (*data)[2]' of 'CoordinateMsg/Coordinate':
[0.389s]   ''(*data)[2]' is an invalid field name.  It should have the pattern
[0.390s]   '^(?!.*__)(?!.*_$)[a-z][a-z0-9_]*$''
[0.390s] 
[0.390s]   Traceback (most recent call last):
[0.390s] 
[0.390s]     File "/usr/lib/python3.10/runpy.py", line 196, in _run_module_as_main
[0.390s]       return _run_code(code, main_globals, None,
[0.390s]     File "/usr/lib/python3.10/runpy.py", line 86, in _run_code
[0.390s]       exec(code, run_globals)
[0.390s]     File "/opt/ros/humble/local/lib/python3.10/dist-packages/rosidl_adapter/__main__.py", line 19, in <module>
[0.390s]       sys.exit(main())
[0.390s]     File "/opt/ros/humble/local/lib/python3.10/dist-packages/rosidl_adapter/main.py", line 53, in main
[0.390s]       abs_idl_file = convert_to_idl(
[0.390s]     File "/opt/ros/humble/local/lib/python3.10/dist-packages/rosidl_adapter/__init__.py", line 19, in convert_to_idl
[0.390s]       return convert_msg_to_idl(
[0.390s]     File "/opt/ros/humble/local/lib/python3.10/dist-packages/rosidl_adapter/msg/__init__.py", line 28, in convert_msg_to_idl
[0.390s]       msg = parse_message_string(package_name, input_file.stem, content)
[0.391s]     File "/opt/ros/humble/local/lib/python3.10/dist-packages/rosidl_adapter/parser.py", line 519, in parse_message_string
[0.391s]       fields.append(Field(
[0.391s]     File "/opt/ros/humble/local/lib/python3.10/dist-packages/rosidl_adapter/parser.py", line 354, in __init__
[0.391s]       raise NameError(
[0.391s] 
[0.391s]   NameError: '(*data)[2]' is an invalid field name.  It should have the
[0.391s]   pattern '^(?!.*__)(?!.*_$)[a-z][a-z0-9_]*$'
[0.391s] 
[0.391s] Call Stack (most recent call first):
[0.391s]   /opt/ros/humble/share/rosidl_cmake/cmake/rosidl_generate_interfaces.cmake:130 (rosidl_adapt_interfaces)
[0.391s]   CMakeLists.txt:14 (rosidl_generate_interfaces)
[0.391s] 
[0.391s] [0m
[0.391s] -- Configuring incomplete, errors occurred!
[0.391s] See also "/home/yamashita/Robot_ws/build/CoordinateMsg/CMakeFiles/CMakeOutput.log".
[0.393s] Invoked command in '/home/yamashita/Robot_ws/build/CoordinateMsg' returned '1': CMAKE_PREFIX_PATH=${CMAKE_PREFIX_PATH}:/home/yamashita/LegControll/install/test_controll:/home/yamashita/LegControll/install/monitor_node:/home/yamashita/LegControll/install/monitor:/home/yamashita/auto_robot_2024/install/controll_robot:/opt/ros/humble /usr/bin/cmake /home/yamashita/Robot_ws/src/CoordinateMsg -DCMAKE_INSTALL_PREFIX=/home/yamashita/Robot_ws/install/CoordinateMsg
