[0.247s] Invoking command in '/home/yamashita/Robot_ws/build/coordinate_msg': CMAKE_PREFIX_PATH=${CMAKE_PREFIX_PATH}:/home/yamashita/Robot_ws/install/bezier_root:/home/yamashita/LegControll/install/test_controll:/home/yamashita/LegControll/install/monitor_node:/home/yamashita/LegControll/install/monitor:/home/yamashita/auto_robot_2024/install/controll_robot:/opt/ros/humble /usr/bin/cmake --build /home/yamashita/Robot_ws/build/coordinate_msg -- -j12 -l12
[0.262s] -- Found ament_cmake: 1.3.8 (/opt/ros/humble/share/ament_cmake/cmake)
[0.345s] -- Found rosidl_default_generators: 1.2.0 (/opt/ros/humble/share/rosidl_default_generators/cmake)
[0.347s] -- Using all available rosidl_typesupport_c: rosidl_typesupport_fastrtps_c;rosidl_typesupport_introspection_c
[0.349s] -- Found rosidl_adapter: 3.1.5 (/opt/ros/humble/share/rosidl_adapter/cmake)
[0.469s] -- Using all available rosidl_typesupport_cpp: rosidl_typesupport_fastrtps_cpp;rosidl_typesupport_introspection_cpp
[0.649s] -- Found ament_cmake_ros: 0.10.0 (/opt/ros/humble/share/ament_cmake_ros/cmake)
[0.773s] -- Using all available rosidl_typesupport_c: rosidl_typesupport_fastrtps_c;rosidl_typesupport_introspection_c
[0.932s] -- Using all available rosidl_typesupport_cpp: rosidl_typesupport_fastrtps_cpp;rosidl_typesupport_introspection_cpp
[0.946s] -- Found python_cmake_module: 0.10.0 (/opt/ros/humble/share/python_cmake_module/cmake)
[0.964s] -- Using PYTHON_EXECUTABLE: /usr/bin/python3
[0.964s] -- Using PYTHON_INCLUDE_DIRS: /usr/include/python3.10
[0.964s] -- Using PYTHON_LIBRARIES: /usr/lib/x86_64-linux-gnu/libpython3.10.so
[0.973s] -- Found ament_lint_auto: 0.12.10 (/opt/ros/humble/share/ament_lint_auto/cmake)
[0.977s] -- Added test 'lint_cmake' to check CMake code style
[0.978s] -- Added test 'xmllint' to check XML markup files
[0.979s] -- Configuring done
[0.993s] -- Generating done
[0.995s] -- Build files have been written to: /home/yamashita/Robot_ws/build/coordinate_msg
[1.011s] [  3%] [34m[1mGenerating C code for ROS interfaces[0m
[1.016s] [  6%] [34m[1mGenerating C++ code for ROS interfaces[0m
[1.023s] [  6%] Built target ament_cmake_python_copy_coordinate_msg
[1.189s] [35m[1mConsolidate compiler generated dependencies of target coordinate_msg__rosidl_generator_c[0m
[1.197s] [  9%] [32mBuilding C object CMakeFiles/coordinate_msg__rosidl_generator_c.dir/rosidl_generator_c/coordinate_msg/msg/detail/coordinate__functions.c.o[0m
[1.210s] [  9%] Built target coordinate_msg__cpp
[1.217s] [ 12%] [34m[1mGenerating C++ type support for eProsima Fast-RTPS[0m
[1.218s] [ 16%] [34m[1mGenerating C++ type support dispatch for ROS interfaces[0m
[1.219s] [ 19%] [34m[1mGenerating C++ introspection for ROS interfaces[0m
[1.221s] running egg_info
[1.221s] writing coordinate_msg.egg-info/PKG-INFO
[1.222s] writing dependency_links to coordinate_msg.egg-info/dependency_links.txt
[1.222s] writing top-level names to coordinate_msg.egg-info/top_level.txt
[1.225s] reading manifest file 'coordinate_msg.egg-info/SOURCES.txt'
[1.225s] writing manifest file 'coordinate_msg.egg-info/SOURCES.txt'
[1.245s] [ 22%] [32m[1mLinking C shared library libcoordinate_msg__rosidl_generator_c.so[0m
[1.248s] [ 22%] Built target ament_cmake_python_build_coordinate_msg_egg
[1.347s] [ 22%] Built target coordinate_msg__rosidl_generator_c
[1.356s] [ 25%] [34m[1mGenerating C type support for eProsima Fast-RTPS[0m
[1.356s] [ 29%] [34m[1mGenerating C introspection for ROS interfaces[0m
[1.356s] [ 32%] [34m[1mGenerating C type support dispatch for ROS interfaces[0m
[1.388s] [35m[1mConsolidate compiler generated dependencies of target coordinate_msg__rosidl_typesupport_cpp[0m
[1.393s] [35m[1mConsolidate compiler generated dependencies of target coordinate_msg__rosidl_typesupport_introspection_cpp[0m
[1.401s] [ 35%] [32mBuilding CXX object CMakeFiles/coordinate_msg__rosidl_typesupport_cpp.dir/rosidl_typesupport_cpp/coordinate_msg/msg/coordinate__type_support.cpp.o[0m
[1.404s] [ 38%] [32mBuilding CXX object CMakeFiles/coordinate_msg__rosidl_typesupport_introspection_cpp.dir/rosidl_typesupport_introspection_cpp/coordinate_msg/msg/detail/coordinate__type_support.cpp.o[0m
[1.410s] [35m[1mConsolidate compiler generated dependencies of target coordinate_msg__rosidl_typesupport_fastrtps_cpp[0m
[1.422s] [ 41%] [32mBuilding CXX object CMakeFiles/coordinate_msg__rosidl_typesupport_fastrtps_cpp.dir/rosidl_typesupport_fastrtps_cpp/coordinate_msg/msg/detail/dds_fastrtps/coordinate__type_support.cpp.o[0m
[1.555s] [35m[1mConsolidate compiler generated dependencies of target coordinate_msg__rosidl_typesupport_c[0m
[1.565s] [ 45%] [32mBuilding CXX object CMakeFiles/coordinate_msg__rosidl_typesupport_c.dir/rosidl_typesupport_c/coordinate_msg/msg/coordinate__type_support.cpp.o[0m
[1.570s] [35m[1mConsolidate compiler generated dependencies of target coordinate_msg__rosidl_typesupport_fastrtps_c[0m
[1.581s] [ 48%] [32mBuilding CXX object CMakeFiles/coordinate_msg__rosidl_typesupport_fastrtps_c.dir/rosidl_typesupport_fastrtps_c/coordinate_msg/msg/detail/coordinate__type_support_c.cpp.o[0m
[1.588s] [35m[1mConsolidate compiler generated dependencies of target coordinate_msg__rosidl_typesupport_introspection_c[0m
[1.588s] [ 51%] [32m[1mLinking CXX shared library libcoordinate_msg__rosidl_typesupport_c.so[0m
[1.597s] [ 54%] [32mBuilding C object CMakeFiles/coordinate_msg__rosidl_typesupport_introspection_c.dir/rosidl_typesupport_introspection_c/coordinate_msg/msg/detail/coordinate__type_support.c.o[0m
[1.634s] [ 58%] [32m[1mLinking C shared library libcoordinate_msg__rosidl_typesupport_introspection_c.so[0m
[1.653s] [ 61%] [32m[1mLinking CXX shared library libcoordinate_msg__rosidl_typesupport_cpp.so[0m
[1.683s] [ 61%] Built target coordinate_msg__rosidl_typesupport_c
[1.736s] [ 61%] Built target coordinate_msg__rosidl_typesupport_introspection_c
[1.759s] [ 61%] Built target coordinate_msg__rosidl_typesupport_cpp
[1.787s] [ 64%] [32m[1mLinking CXX shared library libcoordinate_msg__rosidl_typesupport_introspection_cpp.so[0m
[1.819s] [ 67%] [32m[1mLinking CXX shared library libcoordinate_msg__rosidl_typesupport_fastrtps_cpp.so[0m
[1.829s] [ 70%] [32m[1mLinking CXX shared library libcoordinate_msg__rosidl_typesupport_fastrtps_c.so[0m
[1.934s] [ 70%] Built target coordinate_msg__rosidl_typesupport_introspection_cpp
[1.950s] [ 70%] Built target coordinate_msg__rosidl_typesupport_fastrtps_cpp
[1.960s] [ 70%] Built target coordinate_msg__rosidl_typesupport_fastrtps_c
[1.971s] [ 70%] Built target coordinate_msg
[1.984s] [ 74%] [34m[1mGenerating Python code for ROS interfaces[0m
[2.156s] [ 74%] Built target coordinate_msg__py
[2.162s] [35m[1mConsolidate compiler generated dependencies of target coordinate_msg__rosidl_generator_py[0m
[2.169s] [ 77%] [32mBuilding C object CMakeFiles/coordinate_msg__rosidl_generator_py.dir/rosidl_generator_py/coordinate_msg/msg/_coordinate_s.c.o[0m
[2.228s] [ 80%] [32m[1mLinking C shared library rosidl_generator_py/coordinate_msg/libcoordinate_msg__rosidl_generator_py.so[0m
[2.344s] [ 80%] Built target coordinate_msg__rosidl_generator_py
[2.350s] [35m[1mConsolidate compiler generated dependencies of target coordinate_msg__rosidl_typesupport_c__pyext[0m
[2.350s] [35m[1mConsolidate compiler generated dependencies of target coordinate_msg__rosidl_typesupport_introspection_c__pyext[0m
[2.352s] [35m[1mConsolidate compiler generated dependencies of target coordinate_msg__rosidl_typesupport_fastrtps_c__pyext[0m
[2.358s] [ 83%] [32mBuilding C object CMakeFiles/coordinate_msg__rosidl_typesupport_c__pyext.dir/rosidl_generator_py/coordinate_msg/_coordinate_msg_s.ep.rosidl_typesupport_c.c.o[0m
[2.360s] [ 87%] [32mBuilding C object CMakeFiles/coordinate_msg__rosidl_typesupport_fastrtps_c__pyext.dir/rosidl_generator_py/coordinate_msg/_coordinate_msg_s.ep.rosidl_typesupport_fastrtps_c.c.o[0m
[2.361s] [ 90%] [32mBuilding C object CMakeFiles/coordinate_msg__rosidl_typesupport_introspection_c__pyext.dir/rosidl_generator_py/coordinate_msg/_coordinate_msg_s.ep.rosidl_typesupport_introspection_c.c.o[0m
[2.417s] [ 93%] [32m[1mLinking C shared library rosidl_generator_py/coordinate_msg/coordinate_msg_s__rosidl_typesupport_c.cpython-310-x86_64-linux-gnu.so[0m
[2.420s] [ 96%] [32m[1mLinking C shared library rosidl_generator_py/coordinate_msg/coordinate_msg_s__rosidl_typesupport_fastrtps_c.cpython-310-x86_64-linux-gnu.so[0m
[2.426s] [100%] [32m[1mLinking C shared library rosidl_generator_py/coordinate_msg/coordinate_msg_s__rosidl_typesupport_introspection_c.cpython-310-x86_64-linux-gnu.so[0m
[2.493s] [100%] Built target coordinate_msg__rosidl_typesupport_c__pyext
[2.494s] [100%] Built target coordinate_msg__rosidl_typesupport_fastrtps_c__pyext
[2.517s] [100%] Built target coordinate_msg__rosidl_typesupport_introspection_c__pyext
[2.525s] Invoked command in '/home/yamashita/Robot_ws/build/coordinate_msg' returned '0': CMAKE_PREFIX_PATH=${CMAKE_PREFIX_PATH}:/home/yamashita/Robot_ws/install/bezier_root:/home/yamashita/LegControll/install/test_controll:/home/yamashita/LegControll/install/monitor_node:/home/yamashita/LegControll/install/monitor:/home/yamashita/auto_robot_2024/install/controll_robot:/opt/ros/humble /usr/bin/cmake --build /home/yamashita/Robot_ws/build/coordinate_msg -- -j12 -l12
[2.566s] Invoking command in '/home/yamashita/Robot_ws/build/coordinate_msg': CMAKE_PREFIX_PATH=${CMAKE_PREFIX_PATH}:/home/yamashita/Robot_ws/install/bezier_root:/home/yamashita/LegControll/install/test_controll:/home/yamashita/LegControll/install/monitor_node:/home/yamashita/LegControll/install/monitor:/home/yamashita/auto_robot_2024/install/controll_robot:/opt/ros/humble /usr/bin/cmake --install /home/yamashita/Robot_ws/build/coordinate_msg
[2.570s] -- Install configuration: ""
[2.571s] -- Up-to-date: /home/yamashita/Robot_ws/install/coordinate_msg/share/ament_index/resource_index/rosidl_interfaces/coordinate_msg
[2.571s] -- Up-to-date: /home/yamashita/Robot_ws/install/coordinate_msg/include/coordinate_msg/coordinate_msg
[2.571s] -- Up-to-date: /home/yamashita/Robot_ws/install/coordinate_msg/include/coordinate_msg/coordinate_msg/msg
[2.571s] -- Up-to-date: /home/yamashita/Robot_ws/install/coordinate_msg/include/coordinate_msg/coordinate_msg/msg/rosidl_generator_c__visibility_control.h
[2.571s] -- Up-to-date: /home/yamashita/Robot_ws/install/coordinate_msg/include/coordinate_msg/coordinate_msg/msg/detail
[2.571s] -- Installing: /home/yamashita/Robot_ws/install/coordinate_msg/include/coordinate_msg/coordinate_msg/msg/detail/coordinate__struct.h
[2.571s] -- Installing: /home/yamashita/Robot_ws/install/coordinate_msg/include/coordinate_msg/coordinate_msg/msg/detail/coordinate__type_support.h
[2.571s] -- Installing: /home/yamashita/Robot_ws/install/coordinate_msg/include/coordinate_msg/coordinate_msg/msg/detail/coordinate__functions.h
[2.572s] -- Installing: /home/yamashita/Robot_ws/install/coordinate_msg/include/coordinate_msg/coordinate_msg/msg/detail/coordinate__functions.c
[2.572s] -- Installing: /home/yamashita/Robot_ws/install/coordinate_msg/include/coordinate_msg/coordinate_msg/msg/coordinate.h
[2.572s] -- Up-to-date: /home/yamashita/Robot_ws/install/coordinate_msg/share/coordinate_msg/environment/library_path.sh
[2.572s] -- Installing: /home/yamashita/Robot_ws/install/coordinate_msg/share/coordinate_msg/environment/library_path.dsv
[2.572s] -- Installing: /home/yamashita/Robot_ws/install/coordinate_msg/lib/libcoordinate_msg__rosidl_generator_c.so
[2.572s] -- Set runtime path of "/home/yamashita/Robot_ws/install/coordinate_msg/lib/libcoordinate_msg__rosidl_generator_c.so" to ""
[2.572s] -- Up-to-date: /home/yamashita/Robot_ws/install/coordinate_msg/include/coordinate_msg/coordinate_msg
[2.572s] -- Up-to-date: /home/yamashita/Robot_ws/install/coordinate_msg/include/coordinate_msg/coordinate_msg/msg
[2.572s] -- Up-to-date: /home/yamashita/Robot_ws/install/coordinate_msg/include/coordinate_msg/coordinate_msg/msg/rosidl_typesupport_fastrtps_c__visibility_control.h
[2.572s] -- Up-to-date: /home/yamashita/Robot_ws/install/coordinate_msg/include/coordinate_msg/coordinate_msg/msg/detail
[2.573s] -- Installing: /home/yamashita/Robot_ws/install/coordinate_msg/include/coordinate_msg/coordinate_msg/msg/detail/coordinate__rosidl_typesupport_fastrtps_c.h
[2.573s] -- Installing: /home/yamashita/Robot_ws/install/coordinate_msg/lib/libcoordinate_msg__rosidl_typesupport_fastrtps_c.so
[2.573s] -- Set runtime path of "/home/yamashita/Robot_ws/install/coordinate_msg/lib/libcoordinate_msg__rosidl_typesupport_fastrtps_c.so" to ""
[2.573s] -- Up-to-date: /home/yamashita/Robot_ws/install/coordinate_msg/include/coordinate_msg/coordinate_msg
[2.573s] -- Up-to-date: /home/yamashita/Robot_ws/install/coordinate_msg/include/coordinate_msg/coordinate_msg/msg
[2.573s] -- Up-to-date: /home/yamashita/Robot_ws/install/coordinate_msg/include/coordinate_msg/coordinate_msg/msg/rosidl_typesupport_introspection_c__visibility_control.h
[2.573s] -- Up-to-date: /home/yamashita/Robot_ws/install/coordinate_msg/include/coordinate_msg/coordinate_msg/msg/detail
[2.573s] -- Installing: /home/yamashita/Robot_ws/install/coordinate_msg/include/coordinate_msg/coordinate_msg/msg/detail/coordinate__type_support.c
[2.573s] -- Installing: /home/yamashita/Robot_ws/install/coordinate_msg/include/coordinate_msg/coordinate_msg/msg/detail/coordinate__rosidl_typesupport_introspection_c.h
[2.574s] -- Installing: /home/yamashita/Robot_ws/install/coordinate_msg/lib/libcoordinate_msg__rosidl_typesupport_introspection_c.so
[2.574s] -- Set runtime path of "/home/yamashita/Robot_ws/install/coordinate_msg/lib/libcoordinate_msg__rosidl_typesupport_introspection_c.so" to ""
[2.574s] -- Installing: /home/yamashita/Robot_ws/install/coordinate_msg/lib/libcoordinate_msg__rosidl_typesupport_c.so
[2.574s] -- Set runtime path of "/home/yamashita/Robot_ws/install/coordinate_msg/lib/libcoordinate_msg__rosidl_typesupport_c.so" to ""
[2.574s] -- Up-to-date: /home/yamashita/Robot_ws/install/coordinate_msg/include/coordinate_msg/coordinate_msg
[2.574s] -- Up-to-date: /home/yamashita/Robot_ws/install/coordinate_msg/include/coordinate_msg/coordinate_msg/msg
[2.574s] -- Up-to-date: /home/yamashita/Robot_ws/install/coordinate_msg/include/coordinate_msg/coordinate_msg/msg/detail
[2.574s] -- Installing: /home/yamashita/Robot_ws/install/coordinate_msg/include/coordinate_msg/coordinate_msg/msg/detail/coordinate__struct.hpp
[2.574s] -- Installing: /home/yamashita/Robot_ws/install/coordinate_msg/include/coordinate_msg/coordinate_msg/msg/detail/coordinate__builder.hpp
[2.575s] -- Installing: /home/yamashita/Robot_ws/install/coordinate_msg/include/coordinate_msg/coordinate_msg/msg/detail/coordinate__traits.hpp
[2.575s] -- Installing: /home/yamashita/Robot_ws/install/coordinate_msg/include/coordinate_msg/coordinate_msg/msg/coordinate.hpp
[2.575s] -- Up-to-date: /home/yamashita/Robot_ws/install/coordinate_msg/include/coordinate_msg/coordinate_msg
[2.575s] -- Up-to-date: /home/yamashita/Robot_ws/install/coordinate_msg/include/coordinate_msg/coordinate_msg/msg
[2.575s] -- Up-to-date: /home/yamashita/Robot_ws/install/coordinate_msg/include/coordinate_msg/coordinate_msg/msg/rosidl_typesupport_fastrtps_cpp__visibility_control.h
[2.575s] -- Up-to-date: /home/yamashita/Robot_ws/install/coordinate_msg/include/coordinate_msg/coordinate_msg/msg/detail
[2.575s] -- Installing: /home/yamashita/Robot_ws/install/coordinate_msg/include/coordinate_msg/coordinate_msg/msg/detail/coordinate__rosidl_typesupport_fastrtps_cpp.hpp
[2.575s] -- Up-to-date: /home/yamashita/Robot_ws/install/coordinate_msg/include/coordinate_msg/coordinate_msg/msg/detail/dds_fastrtps
[2.575s] -- Installing: /home/yamashita/Robot_ws/install/coordinate_msg/lib/libcoordinate_msg__rosidl_typesupport_fastrtps_cpp.so
[2.575s] -- Set runtime path of "/home/yamashita/Robot_ws/install/coordinate_msg/lib/libcoordinate_msg__rosidl_typesupport_fastrtps_cpp.so" to ""
[2.575s] -- Up-to-date: /home/yamashita/Robot_ws/install/coordinate_msg/include/coordinate_msg/coordinate_msg
[2.576s] -- Up-to-date: /home/yamashita/Robot_ws/install/coordinate_msg/include/coordinate_msg/coordinate_msg/msg
[2.576s] -- Up-to-date: /home/yamashita/Robot_ws/install/coordinate_msg/include/coordinate_msg/coordinate_msg/msg/detail
[2.576s] -- Installing: /home/yamashita/Robot_ws/install/coordinate_msg/include/coordinate_msg/coordinate_msg/msg/detail/coordinate__type_support.cpp
[2.576s] -- Installing: /home/yamashita/Robot_ws/install/coordinate_msg/include/coordinate_msg/coordinate_msg/msg/detail/coordinate__rosidl_typesupport_introspection_cpp.hpp
[2.576s] -- Installing: /home/yamashita/Robot_ws/install/coordinate_msg/lib/libcoordinate_msg__rosidl_typesupport_introspection_cpp.so
[2.576s] -- Set runtime path of "/home/yamashita/Robot_ws/install/coordinate_msg/lib/libcoordinate_msg__rosidl_typesupport_introspection_cpp.so" to ""
[2.576s] -- Installing: /home/yamashita/Robot_ws/install/coordinate_msg/lib/libcoordinate_msg__rosidl_typesupport_cpp.so
[2.576s] -- Set runtime path of "/home/yamashita/Robot_ws/install/coordinate_msg/lib/libcoordinate_msg__rosidl_typesupport_cpp.so" to ""
[2.576s] -- Up-to-date: /home/yamashita/Robot_ws/install/coordinate_msg/share/coordinate_msg/environment/pythonpath.sh
[2.576s] -- Installing: /home/yamashita/Robot_ws/install/coordinate_msg/share/coordinate_msg/environment/pythonpath.dsv
[2.576s] -- Up-to-date: /home/yamashita/Robot_ws/install/coordinate_msg/local/lib/python3.10/dist-packages/coordinate_msg-0.0.0-py3.10.egg-info
[2.576s] -- Installing: /home/yamashita/Robot_ws/install/coordinate_msg/local/lib/python3.10/dist-packages/coordinate_msg-0.0.0-py3.10.egg-info/PKG-INFO
[2.576s] -- Installing: /home/yamashita/Robot_ws/install/coordinate_msg/local/lib/python3.10/dist-packages/coordinate_msg-0.0.0-py3.10.egg-info/top_level.txt
[2.576s] -- Installing: /home/yamashita/Robot_ws/install/coordinate_msg/local/lib/python3.10/dist-packages/coordinate_msg-0.0.0-py3.10.egg-info/SOURCES.txt
[2.576s] -- Installing: /home/yamashita/Robot_ws/install/coordinate_msg/local/lib/python3.10/dist-packages/coordinate_msg-0.0.0-py3.10.egg-info/dependency_links.txt
[2.576s] -- Up-to-date: /home/yamashita/Robot_ws/install/coordinate_msg/local/lib/python3.10/dist-packages/coordinate_msg
[2.576s] -- Installing: /home/yamashita/Robot_ws/install/coordinate_msg/local/lib/python3.10/dist-packages/coordinate_msg/_coordinate_msg_s.ep.rosidl_typesupport_c.c
[2.576s] -- Installing: /home/yamashita/Robot_ws/install/coordinate_msg/local/lib/python3.10/dist-packages/coordinate_msg/coordinate_msg_s__rosidl_typesupport_c.cpython-310-x86_64-linux-gnu.so
[2.576s] -- Installing: /home/yamashita/Robot_ws/install/coordinate_msg/local/lib/python3.10/dist-packages/coordinate_msg/coordinate_msg_s__rosidl_typesupport_fastrtps_c.cpython-310-x86_64-linux-gnu.so
[2.576s] -- Installing: /home/yamashita/Robot_ws/install/coordinate_msg/local/lib/python3.10/dist-packages/coordinate_msg/libcoordinate_msg__rosidl_generator_py.so
[2.576s] -- Installing: /home/yamashita/Robot_ws/install/coordinate_msg/local/lib/python3.10/dist-packages/coordinate_msg/_coordinate_msg_s.ep.rosidl_typesupport_fastrtps_c.c
[2.576s] -- Installing: /home/yamashita/Robot_ws/install/coordinate_msg/local/lib/python3.10/dist-packages/coordinate_msg/__init__.py
[2.576s] -- Up-to-date: /home/yamashita/Robot_ws/install/coordinate_msg/local/lib/python3.10/dist-packages/coordinate_msg/msg
[2.576s] -- Installing: /home/yamashita/Robot_ws/install/coordinate_msg/local/lib/python3.10/dist-packages/coordinate_msg/msg/_coordinate.py
[2.576s] -- Installing: /home/yamashita/Robot_ws/install/coordinate_msg/local/lib/python3.10/dist-packages/coordinate_msg/msg/_coordinate_s.c
[2.576s] -- Installing: /home/yamashita/Robot_ws/install/coordinate_msg/local/lib/python3.10/dist-packages/coordinate_msg/msg/__init__.py
[2.576s] -- Installing: /home/yamashita/Robot_ws/install/coordinate_msg/local/lib/python3.10/dist-packages/coordinate_msg/coordinate_msg_s__rosidl_typesupport_introspection_c.cpython-310-x86_64-linux-gnu.so
[2.576s] -- Installing: /home/yamashita/Robot_ws/install/coordinate_msg/local/lib/python3.10/dist-packages/coordinate_msg/_coordinate_msg_s.ep.rosidl_typesupport_introspection_c.c
[2.596s] Listing '/home/yamashita/Robot_ws/install/coordinate_msg/local/lib/python3.10/dist-packages/coordinate_msg'...
[2.596s] Compiling '/home/yamashita/Robot_ws/install/coordinate_msg/local/lib/python3.10/dist-packages/coordinate_msg/__init__.py'...
[2.596s] Listing '/home/yamashita/Robot_ws/install/coordinate_msg/local/lib/python3.10/dist-packages/coordinate_msg/msg'...
[2.596s] Compiling '/home/yamashita/Robot_ws/install/coordinate_msg/local/lib/python3.10/dist-packages/coordinate_msg/msg/__init__.py'...
[2.596s] Compiling '/home/yamashita/Robot_ws/install/coordinate_msg/local/lib/python3.10/dist-packages/coordinate_msg/msg/_coordinate.py'...
[2.599s] -- Installing: /home/yamashita/Robot_ws/install/coordinate_msg/local/lib/python3.10/dist-packages/coordinate_msg/coordinate_msg_s__rosidl_typesupport_fastrtps_c.cpython-310-x86_64-linux-gnu.so
[2.599s] -- Set runtime path of "/home/yamashita/Robot_ws/install/coordinate_msg/local/lib/python3.10/dist-packages/coordinate_msg/coordinate_msg_s__rosidl_typesupport_fastrtps_c.cpython-310-x86_64-linux-gnu.so" to ""
[2.600s] -- Installing: /home/yamashita/Robot_ws/install/coordinate_msg/local/lib/python3.10/dist-packages/coordinate_msg/coordinate_msg_s__rosidl_typesupport_introspection_c.cpython-310-x86_64-linux-gnu.so
[2.600s] -- Set runtime path of "/home/yamashita/Robot_ws/install/coordinate_msg/local/lib/python3.10/dist-packages/coordinate_msg/coordinate_msg_s__rosidl_typesupport_introspection_c.cpython-310-x86_64-linux-gnu.so" to ""
[2.600s] -- Installing: /home/yamashita/Robot_ws/install/coordinate_msg/local/lib/python3.10/dist-packages/coordinate_msg/coordinate_msg_s__rosidl_typesupport_c.cpython-310-x86_64-linux-gnu.so
[2.600s] -- Set runtime path of "/home/yamashita/Robot_ws/install/coordinate_msg/local/lib/python3.10/dist-packages/coordinate_msg/coordinate_msg_s__rosidl_typesupport_c.cpython-310-x86_64-linux-gnu.so" to ""
[2.600s] -- Installing: /home/yamashita/Robot_ws/install/coordinate_msg/lib/libcoordinate_msg__rosidl_generator_py.so
[2.600s] -- Set runtime path of "/home/yamashita/Robot_ws/install/coordinate_msg/lib/libcoordinate_msg__rosidl_generator_py.so" to ""
[2.600s] -- Installing: /home/yamashita/Robot_ws/install/coordinate_msg/share/coordinate_msg/msg/Coordinate.idl
[2.601s] -- Installing: /home/yamashita/Robot_ws/install/coordinate_msg/share/coordinate_msg/msg/Coordinate.msg
[2.601s] -- Up-to-date: /home/yamashita/Robot_ws/install/coordinate_msg/share/ament_index/resource_index/package_run_dependencies/coordinate_msg
[2.601s] -- Up-to-date: /home/yamashita/Robot_ws/install/coordinate_msg/share/ament_index/resource_index/parent_prefix_path/coordinate_msg
[2.601s] -- Up-to-date: /home/yamashita/Robot_ws/install/coordinate_msg/share/coordinate_msg/environment/ament_prefix_path.sh
[2.601s] -- Installing: /home/yamashita/Robot_ws/install/coordinate_msg/share/coordinate_msg/environment/ament_prefix_path.dsv
[2.601s] -- Up-to-date: /home/yamashita/Robot_ws/install/coordinate_msg/share/coordinate_msg/environment/path.sh
[2.601s] -- Installing: /home/yamashita/Robot_ws/install/coordinate_msg/share/coordinate_msg/environment/path.dsv
[2.601s] -- Up-to-date: /home/yamashita/Robot_ws/install/coordinate_msg/share/coordinate_msg/local_setup.bash
[2.602s] -- Up-to-date: /home/yamashita/Robot_ws/install/coordinate_msg/share/coordinate_msg/local_setup.sh
[2.602s] -- Up-to-date: /home/yamashita/Robot_ws/install/coordinate_msg/share/coordinate_msg/local_setup.zsh
[2.602s] -- Installing: /home/yamashita/Robot_ws/install/coordinate_msg/share/coordinate_msg/local_setup.dsv
[2.602s] -- Installing: /home/yamashita/Robot_ws/install/coordinate_msg/share/coordinate_msg/package.dsv
[2.602s] -- Up-to-date: /home/yamashita/Robot_ws/install/coordinate_msg/share/ament_index/resource_index/packages/coordinate_msg
[2.602s] -- Up-to-date: /home/yamashita/Robot_ws/install/coordinate_msg/share/coordinate_msg/cmake/export_coordinate_msg__rosidl_generator_cExport.cmake
[2.602s] -- Up-to-date: /home/yamashita/Robot_ws/install/coordinate_msg/share/coordinate_msg/cmake/export_coordinate_msg__rosidl_generator_cExport-noconfig.cmake
[2.602s] -- Up-to-date: /home/yamashita/Robot_ws/install/coordinate_msg/share/coordinate_msg/cmake/export_coordinate_msg__rosidl_typesupport_fastrtps_cExport.cmake
[2.602s] -- Up-to-date: /home/yamashita/Robot_ws/install/coordinate_msg/share/coordinate_msg/cmake/export_coordinate_msg__rosidl_typesupport_fastrtps_cExport-noconfig.cmake
[2.602s] -- Up-to-date: /home/yamashita/Robot_ws/install/coordinate_msg/share/coordinate_msg/cmake/coordinate_msg__rosidl_typesupport_introspection_cExport.cmake
[2.602s] -- Up-to-date: /home/yamashita/Robot_ws/install/coordinate_msg/share/coordinate_msg/cmake/coordinate_msg__rosidl_typesupport_introspection_cExport-noconfig.cmake
[2.602s] -- Up-to-date: /home/yamashita/Robot_ws/install/coordinate_msg/share/coordinate_msg/cmake/coordinate_msg__rosidl_typesupport_cExport.cmake
[2.602s] -- Up-to-date: /home/yamashita/Robot_ws/install/coordinate_msg/share/coordinate_msg/cmake/coordinate_msg__rosidl_typesupport_cExport-noconfig.cmake
[2.602s] -- Up-to-date: /home/yamashita/Robot_ws/install/coordinate_msg/share/coordinate_msg/cmake/export_coordinate_msg__rosidl_generator_cppExport.cmake
[2.602s] -- Up-to-date: /home/yamashita/Robot_ws/install/coordinate_msg/share/coordinate_msg/cmake/export_coordinate_msg__rosidl_typesupport_fastrtps_cppExport.cmake
[2.602s] -- Up-to-date: /home/yamashita/Robot_ws/install/coordinate_msg/share/coordinate_msg/cmake/export_coordinate_msg__rosidl_typesupport_fastrtps_cppExport-noconfig.cmake
[2.602s] -- Up-to-date: /home/yamashita/Robot_ws/install/coordinate_msg/share/coordinate_msg/cmake/coordinate_msg__rosidl_typesupport_introspection_cppExport.cmake
[2.602s] -- Up-to-date: /home/yamashita/Robot_ws/install/coordinate_msg/share/coordinate_msg/cmake/coordinate_msg__rosidl_typesupport_introspection_cppExport-noconfig.cmake
[2.602s] -- Up-to-date: /home/yamashita/Robot_ws/install/coordinate_msg/share/coordinate_msg/cmake/coordinate_msg__rosidl_typesupport_cppExport.cmake
[2.602s] -- Up-to-date: /home/yamashita/Robot_ws/install/coordinate_msg/share/coordinate_msg/cmake/coordinate_msg__rosidl_typesupport_cppExport-noconfig.cmake
[2.602s] -- Up-to-date: /home/yamashita/Robot_ws/install/coordinate_msg/share/coordinate_msg/cmake/export_coordinate_msg__rosidl_generator_pyExport.cmake
[2.602s] -- Up-to-date: /home/yamashita/Robot_ws/install/coordinate_msg/share/coordinate_msg/cmake/export_coordinate_msg__rosidl_generator_pyExport-noconfig.cmake
[2.602s] -- Up-to-date: /home/yamashita/Robot_ws/install/coordinate_msg/share/coordinate_msg/cmake/rosidl_cmake-extras.cmake
[2.602s] -- Up-to-date: /home/yamashita/Robot_ws/install/coordinate_msg/share/coordinate_msg/cmake/ament_cmake_export_include_directories-extras.cmake
[2.602s] -- Up-to-date: /home/yamashita/Robot_ws/install/coordinate_msg/share/coordinate_msg/cmake/ament_cmake_export_libraries-extras.cmake
[2.602s] -- Up-to-date: /home/yamashita/Robot_ws/install/coordinate_msg/share/coordinate_msg/cmake/ament_cmake_export_targets-extras.cmake
[2.602s] -- Up-to-date: /home/yamashita/Robot_ws/install/coordinate_msg/share/coordinate_msg/cmake/rosidl_cmake_export_typesupport_targets-extras.cmake
[2.602s] -- Up-to-date: /home/yamashita/Robot_ws/install/coordinate_msg/share/coordinate_msg/cmake/ament_cmake_export_dependencies-extras.cmake
[2.602s] -- Up-to-date: /home/yamashita/Robot_ws/install/coordinate_msg/share/coordinate_msg/cmake/rosidl_cmake_export_typesupport_libraries-extras.cmake
[2.603s] -- Up-to-date: /home/yamashita/Robot_ws/install/coordinate_msg/share/coordinate_msg/cmake/coordinate_msgConfig.cmake
[2.603s] -- Up-to-date: /home/yamashita/Robot_ws/install/coordinate_msg/share/coordinate_msg/cmake/coordinate_msgConfig-version.cmake
[2.603s] -- Up-to-date: /home/yamashita/Robot_ws/install/coordinate_msg/share/coordinate_msg/package.xml
[2.604s] Invoked command in '/home/yamashita/Robot_ws/build/coordinate_msg' returned '0': CMAKE_PREFIX_PATH=${CMAKE_PREFIX_PATH}:/home/yamashita/Robot_ws/install/bezier_root:/home/yamashita/LegControll/install/test_controll:/home/yamashita/LegControll/install/monitor_node:/home/yamashita/LegControll/install/monitor:/home/yamashita/auto_robot_2024/install/controll_robot:/opt/ros/humble /usr/bin/cmake --install /home/yamashita/Robot_ws/build/coordinate_msg
